Parsing /home/bjowac/impara/trunk/regression/fmcad2013/stack_safe.c
Converting
Type-checking stack_safe
Generating GOTO Program
Adding CPROVER library
Function Pointer Removal
Partial Inlining
Generic Property Instrumentation
Dropping 5 of 18 functions (13 used)
size of a node 176
Building location map
Starting search
identifier__CPROVER_pipe_count
identifier__CPROVER_rounding_mode
identifier__CPROVER_thread_id
  thread_id ignore race 
identifier__CPROVER_threads_exited
identifier__CPROVER_next_thread_id
  thread_id ignore race 
identifiertop
identifierarr
identifierm
identifierflag
identifier__CPROVER_deallocated
identifier__CPROVER_dead_object
identifier__CPROVER_malloc_object
identifier__CPROVER_malloc_size
identifier__CPROVER_malloc_is_new_array
identifier__CPROVER_memory_leak
identifierm
identifiermain#return_value
identifiert1::1::i
identifiert1::1::i
identifiert1#return_value
identifiert2::1::j
identifiert2::1::j
identifiert2#return_value
identifierm
identifierm
identifierm
identifierm
identifiert1::$tmp::return_value_nondet$1
identifiert1::1::tmp
identifiert1::$tmp::return_value_nondet$1
Array index arr[0l]
  Array done
identifiert1::1::tmp
identifiertop
identifierget_top#return_value
identifiertop
identifierpush::$tmp::return_value_get_top$1
identifierget_top#return_value
Array index arr#9[(signed long int)return_value_get_top$1@1#60]
identifierarr
  array is shared arr#9
identifierpush::x
identifiertop
identifiertop
identifierpush#return_value
identifiert1::$tmp::return_value_push$2
identifierpush#return_value
identifiert1::$tmp::return_value_push$2
identifierflag
identifierm
identifierm
identifiert1::1::i
identifiert1::1::i
identifiert1::1::i
identifiert1#return_value
identifiert2::1::j
identifiert2::1::j
identifiert2#return_value
identifierm
identifierm
identifierm
identifierm
identifiert1::$tmp::return_value_nondet$1
identifiert1::1::tmp
identifiert1::$tmp::return_value_nondet$1
Array index arr[0l]
  Array done
identifiert1::1::tmp
identifiertop
identifierget_top#return_value
identifiertop
identifierpush::$tmp::return_value_get_top$1
identifierget_top#return_value
Array index arr#61[(signed long int)return_value_get_top$1@1#105]
identifierarr
  array is shared arr#61
identifierpush::x
identifiertop
identifiertop
identifierpush#return_value
identifiert1::$tmp::return_value_push$2
identifierpush#return_value
identifiert1::$tmp::return_value_push$2
identifierflag
identifierm
identifierm
identifiert1::1::i
identifiert1::1::i
identifiert1::1::i
identifiert1#return_value
Loop file /home/bjowac/impara/trunk/regression/fmcad2013/stack_safe.c line 127 function main : unwindings 2
identifiert2::1::j
identifiert2::1::j
Loop file /home/bjowac/impara/trunk/regression/fmcad2013/stack_safe.c line 111 function t2 : unwindings 2
identifierm
identifierm
Loop file /home/bjowac/impara/trunk/regression/fmcad2013/stack_safe.c line 96 function t1 : unwindings 2
identifierm
identifierm
Loop file /home/bjowac/impara/trunk/regression/fmcad2013/stack_safe.c line 127 function main : unwindings 2
Loop file /home/bjowac/impara/trunk/regression/fmcad2013/stack_safe.c line 97 function t1 : unwindings 2
identifiert1::$tmp::return_value_nondet$1
identifiert1::1::tmp
identifiert1::$tmp::return_value_nondet$1
Array index arr[0l]
  Array done
identifiert1::1::tmp
Loop file /home/bjowac/impara/trunk/regression/fmcad2013/stack_safe.c line 98 function t1 : unwindings 2
identifiertop
Loop file /home/bjowac/impara/trunk/regression/fmcad2013/stack_safe.c line 127 function main : unwindings 2
Loop file /home/bjowac/impara/trunk/regression/fmcad2013/stack_safe.c line 67 function push : unwindings 2
identifierget_top#return_value
identifiertop
Loop file /home/bjowac/impara/trunk/regression/fmcad2013/stack_safe.c line 127 function main : unwindings 2
identifierpush::$tmp::return_value_get_top$1
identifierget_top#return_value
Array index arr#106[(signed long int)return_value_get_top$1@1#150]
identifierarr
  array is shared arr#106
identifierpush::x
Loop file /home/bjowac/impara/trunk/regression/fmcad2013/stack_safe.c line 69 function push : unwindings 2
identifiertop
identifiertop
Loop file /home/bjowac/impara/trunk/regression/fmcad2013/stack_safe.c line 127 function main : unwindings 2
identifierpush#return_value
identifiert1::$tmp::return_value_push$2
identifierpush#return_value
identifiert1::$tmp::return_value_push$2
identifierflag
Loop file /home/bjowac/impara/trunk/regression/fmcad2013/stack_safe.c line 127 function main : unwindings 2
Loop file /home/bjowac/impara/trunk/regression/fmcad2013/stack_safe.c line 101 function t1 : unwindings 2
identifierm
identifierm
Loop file /home/bjowac/impara/trunk/regression/fmcad2013/stack_safe.c line 127 function main : unwindings 2
identifiert1::1::i
identifiert1::1::i
Loop file /home/bjowac/impara/trunk/regression/fmcad2013/stack_safe.c line 127 function main : unwindings 2
Loop file /home/bjowac/impara/trunk/regression/fmcad2013/stack_safe.c line 94 function t1 : unwindings 2
identifiert1::1::i
identifiert1#return_value
Loop file /home/bjowac/impara/trunk/regression/fmcad2013/stack_safe.c line 127 function main : unwindings 3
identifiert2::1::j
identifiert2::1::j
Loop file /home/bjowac/impara/trunk/regression/fmcad2013/stack_safe.c line 111 function t2 : unwindings 3
identifierm
identifierm
Loop file /home/bjowac/impara/trunk/regression/fmcad2013/stack_safe.c line 96 function t1 : unwindings 3
identifierm
identifierm
Loop file /home/bjowac/impara/trunk/regression/fmcad2013/stack_safe.c line 127 function main : unwindings 3
Loop file /home/bjowac/impara/trunk/regression/fmcad2013/stack_safe.c line 97 function t1 : unwindings 3
identifiert1::$tmp::return_value_nondet$1
identifiert1::1::tmp
identifiert1::$tmp::return_value_nondet$1
Array index arr[0l]
  Array done
identifiert1::1::tmp
Loop file /home/bjowac/impara/trunk/regression/fmcad2013/stack_safe.c line 98 function t1 : unwindings 3
identifiertop
Loop file /home/bjowac/impara/trunk/regression/fmcad2013/stack_safe.c line 127 function main : unwindings 3
Loop file /home/bjowac/impara/trunk/regression/fmcad2013/stack_safe.c line 67 function push : unwindings 3
identifierget_top#return_value
identifiertop
Loop file /home/bjowac/impara/trunk/regression/fmcad2013/stack_safe.c line 127 function main : unwindings 3
identifierpush::$tmp::return_value_get_top$1
identifierget_top#return_value
Array index arr#151[(signed long int)return_value_get_top$1@1#195]
identifierarr
  array is shared arr#151
identifierpush::x
Loop file /home/bjowac/impara/trunk/regression/fmcad2013/stack_safe.c line 69 function push : unwindings 3
identifiertop
identifiertop
Loop file /home/bjowac/impara/trunk/regression/fmcad2013/stack_safe.c line 127 function main : unwindings 3
identifierpush#return_value
identifiert1::$tmp::return_value_push$2
identifierpush#return_value
identifiert1::$tmp::return_value_push$2
identifierflag
Loop file /home/bjowac/impara/trunk/regression/fmcad2013/stack_safe.c line 127 function main : unwindings 3
Loop file /home/bjowac/impara/trunk/regression/fmcad2013/stack_safe.c line 101 function t1 : unwindings 3
identifierm
identifierm
Loop file /home/bjowac/impara/trunk/regression/fmcad2013/stack_safe.c line 127 function main : unwindings 3
identifiert1::1::i
identifiert1::1::i
Loop file /home/bjowac/impara/trunk/regression/fmcad2013/stack_safe.c line 127 function main : unwindings 3
Loop file /home/bjowac/impara/trunk/regression/fmcad2013/stack_safe.c line 94 function t1 : unwindings 3
identifiert1::1::i
identifiert1#return_value
Loop file /home/bjowac/impara/trunk/regression/fmcad2013/stack_safe.c line 127 function main : unwindings 4
identifiert2::1::j
identifiert2::1::j
identifierm
identifierm
identifierflag
identifiertop
identifiertop
identifierget_top#return_value
identifiertop
identifierpush#return_value
identifiertop
identifierm
identifierm
identifierm
identifierm
identifierflag
identifiertop
identifiertop
identifierget_top#return_value
identifiertop
identifierpush#return_value
identifiertop
identifierm
identifierm
identifierm
identifierm
identifierflag
identifiertop
identifiertop
identifierget_top#return_value
identifiertop
identifierpush#return_value
identifiertop
identifierm
identifierm
identifierm
identifierm
identifiert2::1::j
identifierm
identifierm
identifiert2::1::j
identifierm
identifierm
identifierm
identifierm
identifiert2#return_value
identifierm
identifierm
identifierm
identifierm
identifierm
identifierm
identifierm
identifierm
identifierm
identifierm
identifierm
identifierm
identifierm
identifierm
identifierm
identifierm
identifierm
identifierm
identifiertop
identifierm
identifierm
identifierm
identifierm
identifierm
identifierm
identifierm
identifierm
identifierm
identifierm
identifierm
identifierm
Array index arr[0l]
  Array done
identifierm
identifierm
identifierm
identifierm
identifierm
identifierm
identifierget_top#return_value
identifiertop
identifierm
identifierm
identifierm
identifierm
identifierm
identifierm
identifierpop::$tmp::return_value_get_top$2
identifierget_top#return_value
identifierm
identifierm
identifierpop::$tmp::return_value_get_top$2
identifierm
identifierm
identifierm
identifierm
identifiertop
identifiertop
identifierm
identifierm
identifierm
identifierm
identifierm
identifierm
identifierm
identifierm
identifierget_top#return_value
identifiertop
identifierm
identifierm
identifierm
identifierm
identifierm
identifierm
identifierpop::$tmp::return_value_get_top$1
identifierget_top#return_value
identifierm
identifierm
identifierpop#return_value
Array index arr#61[(signed long int)return_value_get_top$1@2#117]
identifierarr
  array is shared arr#61
  Shared array accessarr[0]
  Array done
identifierm
identifierm
identifierm
identifierm
identifierm
identifierm
identifiert2::$tmp::return_value_pop$1
identifierpop#return_value
identifierm
identifierm
identifiert2::$tmp::return_value_pop$1
identifierm
identifierm
identifierm
identifierm
identifierm
identifierm
identifierm
identifierm
identifierm
identifierm
identifierm
identifierm
identifiert2::1::j
identifiert2::1::j
identifierm
identifierm
identifierm
identifierm
identifiert2::1::j
identifierm
identifierm
identifierm
identifierm
identifiert2#return_value
identifierm
identifierm
identifierm
identifierm
identifierm
identifierm
identifierm
identifierm
identifierm
identifierm
Loop file /home/bjowac/impara/trunk/regression/fmcad2013/stack_safe.c line 111 function t2 : unwindings 2
identifierm
identifierm
identifierm
identifierm
identifierm
identifierm
identifierm
identifierm
identifiertop
identifierm
identifierm
Loop file /home/bjowac/impara/trunk/regression/fmcad2013/stack_safe.c line 117 function t2 : unwindings 2
identifierm
identifierm
identifierm
identifierm
identifierm
identifierm
identifierm
identifierm
identifiert2::1::j
identifiert2::1::j
identifierm
identifierm
Loop file /home/bjowac/impara/trunk/regression/fmcad2013/stack_safe.c line 109 function t2 : unwindings 2
identifierm
identifierm
identifiert2::1::j
identifierm
identifierm
identifierm
identifierm
identifiert2#return_value
identifierm
identifierm
identifierm
identifierm
identifierm
identifierm
identifierm
identifierm
identifierm
identifierm
Loop file /home/bjowac/impara/trunk/regression/fmcad2013/stack_safe.c line 111 function t2 : unwindings 3
identifierm
identifierm
identifierm
identifierm
identifierm
identifierm
identifierm
identifierm
identifiertop
identifierm
identifierm
Loop file /home/bjowac/impara/trunk/regression/fmcad2013/stack_safe.c line 117 function t2 : unwindings 3
identifierm
identifierm
identifierm
identifierm
identifierm
identifierm
identifierm
identifierm
identifiert2::1::j
identifiert2::1::j
identifierm
identifierm
Loop file /home/bjowac/impara/trunk/regression/fmcad2013/stack_safe.c line 109 function t2 : unwindings 3
identifierm
identifierm
identifiert2::1::j
identifierm
identifierm
identifierm
identifierm
identifiert2#return_value
identifierm
identifierm
identifierm
identifierm
identifierm
identifierm
identifierm
identifierm
identifierm
identifierm
identifiertop
identifierm
identifierm
identifierm
identifierm
Loop file /home/bjowac/impara/trunk/regression/fmcad2013/stack_safe.c line 97 function t1 : unwindings 2
identifiert1::$tmp::return_value_nondet$1
identifiert1::1::tmp
identifiert1::$tmp::return_value_nondet$1
Array index arr[0l]
  Array done
identifiert1::1::tmp
Loop file /home/bjowac/impara/trunk/regression/fmcad2013/stack_safe.c line 98 function t1 : unwindings 2
identifiertop
Loop file /home/bjowac/impara/trunk/regression/fmcad2013/stack_safe.c line 109 function t2 : unwindings 2
Loop file /home/bjowac/impara/trunk/regression/fmcad2013/stack_safe.c line 67 function push : unwindings 2
identifierget_top#return_value
identifiertop
Loop file /home/bjowac/impara/trunk/regression/fmcad2013/stack_safe.c line 109 function t2 : unwindings 2
identifierpush::$tmp::return_value_get_top$1
identifierget_top#return_value
Array index arr#61[(signed long int)return_value_get_top$1@1#169]
identifierarr
  array is shared arr#61
  Shared array accessarr[0]
  Array done
identifierpush::x
Loop file /home/bjowac/impara/trunk/regression/fmcad2013/stack_safe.c line 109 function t2 : unwindings 2
Loop file /home/bjowac/impara/trunk/regression/fmcad2013/stack_safe.c line 69 function push : unwindings 2
identifiertop
identifiertop
Loop file /home/bjowac/impara/trunk/regression/fmcad2013/stack_safe.c line 109 function t2 : unwindings 2
identifierpush#return_value
identifiert1::$tmp::return_value_push$2
identifierpush#return_value
identifiert1::$tmp::return_value_push$2
identifierflag
Loop file /home/bjowac/impara/trunk/regression/fmcad2013/stack_safe.c line 109 function t2 : unwindings 2
Loop file /home/bjowac/impara/trunk/regression/fmcad2013/stack_safe.c line 101 function t1 : unwindings 2
identifierm
identifierm
Loop file /home/bjowac/impara/trunk/regression/fmcad2013/stack_safe.c line 109 function t2 : unwindings 2
identifiert1::1::i
identifiert1::1::i
Loop file /home/bjowac/impara/trunk/regression/fmcad2013/stack_safe.c line 109 function t2 : unwindings 2
Loop file /home/bjowac/impara/trunk/regression/fmcad2013/stack_safe.c line 94 function t1 : unwindings 2
identifiert1::1::i
identifiert1#return_value
Loop file /home/bjowac/impara/trunk/regression/fmcad2013/stack_safe.c line 109 function t2 : unwindings 3
identifiert2::1::j
identifiert2#return_value
identifiert2::1::j
identifiert2#return_value
identifierm
identifierm
identifiert2::1::j
identifierm
identifierm
identifierm
identifierm
identifiert2#return_value
identifierm
identifierm
identifierm
identifierm
identifierm
identifierm
identifierm
identifierm
identifierflag
identifiert2::1::j
identifierflag
identifierflag
identifiert2#return_value
identifierflag
identifierflag
identifierflag
identifierflag
identifiertop
identifiertop
identifiert2::1::j
identifiertop
identifiertop
identifiertop
identifiertop
identifiert2#return_value
identifiertop
identifiertop
identifiertop
identifiertop
identifiertop
identifiertop
identifiertop
identifiertop
Array index arr#61[(signed long int)return_value_get_top$1@1#169]
identifierarr
  array is shared arr#61
  Shared array accessarr[0]
  Array done
identifierpush::x
identifiert2::1::j
Array index arr#61[(signed long int)return_value_get_top$1@1#169]
identifierarr
  array is shared arr#61
  Shared array accessarr[0]
  Array done
identifierpush::x
Array index arr#61[(signed long int)return_value_get_top$1@1#169]
identifierarr
  array is shared arr#61
  Shared array accessarr[0]
  Array done
identifierpush::x
identifiert2#return_value
Array index arr#61[(signed long int)return_value_get_top$1@1#169]
identifierarr
  array is shared arr#61
  Shared array accessarr[0]
  Array done
identifierpush::x
Array index arr#61[(signed long int)return_value_get_top$1@1#169]
identifierarr
  array is shared arr#61
  Shared array accessarr[0]
  Array done
identifierpush::x
Array index arr#61[(signed long int)return_value_get_top$1@1#169]
identifierarr
  array is shared arr#61
  Shared array accessarr[0]
  Array done
identifierpush::x
Array index arr#61[(signed long int)return_value_get_top$1@1#169]
identifierarr
  array is shared arr#61
  Shared array accessarr[0]
  Array done
identifierpush::x
identifierget_top#return_value
identifiertop
identifiert2::1::j
identifierget_top#return_value
identifiertop
identifierget_top#return_value
identifiertop
identifiert2#return_value
identifierget_top#return_value
identifiertop
identifierget_top#return_value
identifiertop
identifierget_top#return_value
identifiertop
identifierget_top#return_value
identifiertop
identifierpush#return_value
identifiert1::$tmp::return_value_push$2
identifierpush#return_value
identifiert1::$tmp::return_value_push$2
identifierflag
identifiertop
identifiert2::1::j
identifiertop
identifiertop
identifiert2#return_value
identifiertop
identifiertop
identifiertop
identifiertop
identifierm
identifierm
identifierm
identifierm
Array index arr[0l]
  Array done
Loop file /home/bjowac/impara/trunk/regression/fmcad2013/stack_safe.c line 114 function t2 : unwindings 2
identifierm
identifierm
identifierm
identifierm
Loop file /home/bjowac/impara/trunk/regression/fmcad2013/stack_safe.c line 76 function pop : unwindings 2
identifierm
identifierm
identifierget_top#return_value
identifiertop
identifierm
identifierm
identifierm
identifierm
identifierm
identifierm
identifierpop::$tmp::return_value_get_top$2
identifierget_top#return_value
identifierm
identifierm
identifierpop::$tmp::return_value_get_top$2
identifierm
identifierm
Loop file /home/bjowac/impara/trunk/regression/fmcad2013/stack_safe.c line 83 function pop : unwindings 2
identifierm
identifierm
identifiertop
identifiertop
identifierm
identifierm
identifierm
identifierm
identifierm
identifierm
Loop file /home/bjowac/impara/trunk/regression/fmcad2013/stack_safe.c line 84 function pop : unwindings 2
identifierm
identifierm
identifierget_top#return_value
identifiertop
identifierm
identifierm
identifierm
identifierm
identifierm
identifierm
identifierpop::$tmp::return_value_get_top$1
identifierget_top#return_value
identifierm
identifierm
identifierpop#return_value
Array index arr#61[(signed long int)return_value_get_top$1@2#160]
identifierarr
  array is shared arr#61
identifierm
identifierm
identifierm
identifierm
identifierm
identifierm
identifiert2::$tmp::return_value_pop$1
identifierpop#return_value
identifierm
identifierm
identifiert2::$tmp::return_value_pop$1
identifierm
identifierm
identifierm
identifierm
Loop file /home/bjowac/impara/trunk/regression/fmcad2013/stack_safe.c line 117 function t2 : unwindings 2
identifierm
identifierm
identifierm
identifierm
identifierm
identifierm
identifierm
identifierm
identifierpop#return_value
identifierm
identifierm
identifiertop
identifierm
identifierm
identifierm
identifierm
identifierm
identifierm
Loop file /home/bjowac/impara/trunk/regression/fmcad2013/stack_safe.c line 97 function t1 : unwindings 2
identifiert1::$tmp::return_value_nondet$1
identifierm
identifierm
identifiert1::1::tmp
identifiert1::$tmp::return_value_nondet$1
identifierm
identifierm
identifierm
identifierm
Array index arr[0l]
  Array done
identifiert1::1::tmp
identifierm
identifierm
Loop file /home/bjowac/impara/trunk/regression/fmcad2013/stack_safe.c line 98 function t1 : unwindings 2
identifiertop
identifierm
identifierm
identifierm
identifierm
identifierm
identifierm
Loop file /home/bjowac/impara/trunk/regression/fmcad2013/stack_safe.c line 67 function push : unwindings 2
identifierget_top#return_value
identifiertop
identifierm
identifierm
identifierm
identifierm
identifierm
identifierm
identifierpush::$tmp::return_value_get_top$1
identifierget_top#return_value
identifierm
identifierm
Array index arr#61[(signed long int)return_value_get_top$1@1#155]
identifierarr
  array is shared arr#61
  Shared array accessarr[0]
  Array done
identifierpush::x
identifierm
identifierm
identifierm
identifierm
Loop file /home/bjowac/impara/trunk/regression/fmcad2013/stack_safe.c line 69 function push : unwindings 2
identifiertop
identifiertop
identifierm
identifierm
identifierm
identifierm
identifierm
identifierm
identifierpush#return_value
identifierm
identifierm
identifierm
identifierm
identifierm
identifierm
identifiert1::$tmp::return_value_push$2
identifierpush#return_value
identifierm
identifierm
identifiert1::$tmp::return_value_push$2
identifierm
identifierm
identifierflag
identifierm
identifierm
identifierm
identifierm
Loop file /home/bjowac/impara/trunk/regression/fmcad2013/stack_safe.c line 101 function t1 : unwindings 2
identifierm
identifierm
identifierm
identifierm
identifierm
identifierm
identifierm
identifierm
identifierm
identifierm
identifiert1::1::i
identifiert1::1::i
identifierm
identifierm
identifierm
identifierm
Loop file /home/bjowac/impara/trunk/regression/fmcad2013/stack_safe.c line 94 function t1 : unwindings 2
identifiert1::1::i
identifierm
identifierm
identifierm
identifierm
identifierm
identifierm
identifiert1#return_value
identifierm
identifierm
identifierm
identifierm
identifierm
identifierm
identifierm
identifierm
identifierm
identifierm
identifiertop
identifierm
identifierm
identifiert1::1::i
identifiert1::1::i
identifierflag
identifierm
identifierm
identifiertop
identifiertop
Array index arr#61[(signed long int)return_value_get_top$1@1#155]
identifierarr
  array is shared arr#61
  Shared array accessarr[0]
  Array done
identifierpush::x
identifierget_top#return_value
identifiertop
identifierpush#return_value
identifierm
identifierm
identifierm
identifierm
identifierm
identifierm
identifiert1::$tmp::return_value_push$2
identifierpush#return_value
identifierm
identifierm
identifiert1::$tmp::return_value_push$2
identifierm
identifierm
identifierflag
identifierm
identifierm
identifierm
identifierm
identifiertop
identifiert1::$tmp::return_value_nondet$1
identifierm
identifierm
identifierm
identifierm
identifierm
identifierm
identifierm
identifierm
identifierpop#return_value
identifierm
identifierm
identifierm
identifierm
identifierm
identifierm
identifiert2::$tmp::return_value_pop$1
identifierpop#return_value
identifierm
identifierm
identifiert2::$tmp::return_value_pop$1
identifierm
identifierm
identifierm
identifierm
identifierm
identifierm
identifierm
identifierm
identifierm
identifierm
identifierm
identifierm
identifierpop#return_value
identifierm
identifierm
identifierm
identifierm
identifierm
identifierm
identifierm
identifierm
Array index arr[0l]
  Array done
Loop file /home/bjowac/impara/trunk/regression/fmcad2013/stack_safe.c line 114 function t2 : unwindings 3
identifierm
identifierm
identifierm
identifierm
Loop file /home/bjowac/impara/trunk/regression/fmcad2013/stack_safe.c line 76 function pop : unwindings 3
identifierm
identifierm
identifierget_top#return_value
identifiertop
identifierm
identifierm
identifierm
identifierm
identifierm
identifierm
identifierpop::$tmp::return_value_get_top$2
identifierget_top#return_value
identifierm
identifierm
identifierpop::$tmp::return_value_get_top$2
identifierm
identifierm
Loop file /home/bjowac/impara/trunk/regression/fmcad2013/stack_safe.c line 83 function pop : unwindings 3
identifierm
identifierm
identifiertop
identifiertop
identifierm
identifierm
identifierm
identifierm
identifierm
identifierm
Loop file /home/bjowac/impara/trunk/regression/fmcad2013/stack_safe.c line 84 function pop : unwindings 3
identifierm
identifierm
identifierget_top#return_value
identifiertop
identifierm
identifierm
identifierm
identifierm
identifierm
identifierm
identifierpop::$tmp::return_value_get_top$1
identifierget_top#return_value
identifierm
identifierm
identifierpop#return_value
Array index arr#61[(signed long int)return_value_get_top$1@2#178]
identifierarr
  array is shared arr#61
  Shared array accessarr[-1]
  Array done
identifierm
identifierm
identifierm
identifierm
identifierm
identifierm
identifiert2::$tmp::return_value_pop$1
identifierpop#return_value
identifierm
identifierm
identifiert2::$tmp::return_value_pop$1
identifierm
identifierm
identifierm
identifierm
Loop file /home/bjowac/impara/trunk/regression/fmcad2013/stack_safe.c line 117 function t2 : unwindings 3
identifierm
identifierm
identifierm
identifierm
identifierm
identifierm
identifierm
identifierm
identifierpop#return_value
identifierm
identifierm
identifierm
identifierm
identifiertop
identifierm
identifierm
identifierm
identifierm
identifiert2::1::j
identifierm
identifierm
identifiert2::1::j
identifierm
identifierm
identifiert2::1::j
identifiert2::1::j
identifierm
identifierm
identifierm
identifierm
identifiert2::1::j
identifierm
identifierm
identifiert2::1::j
identifierflag
identifierflag
identifiert2::1::j
identifierflag
identifiert2::1::j
identifiertop
identifiertop
identifiertop
identifiertop
identifiert2::1::j
identifiertop
identifiertop
identifiert2::1::j
identifierget_top#return_value
identifiertop
identifierget_top#return_value
identifiertop
identifiert2::1::j
identifierget_top#return_value
identifiertop
identifiert2::1::j
identifierpush#return_value
identifierpush#return_value
identifiert1::$tmp::return_value_push$2
identifierpush#return_value
identifiert1::$tmp::return_value_push$2
identifierflag
identifierpush#return_value
identifiert1::$tmp::return_value_push$2
identifierpush#return_value
identifiert1::$tmp::return_value_push$2
identifierflag
identifierpush#return_value
identifiert1::$tmp::return_value_push$2
identifierpush#return_value
identifiert1::$tmp::return_value_push$2
identifierflag
Loop file /home/bjowac/impara/trunk/regression/fmcad2013/stack_safe.c line 96 function t1 : unwindings 4
identifierm
identifierm
Loop file /home/bjowac/impara/trunk/regression/fmcad2013/stack_safe.c line 127 function main : unwindings 4
Loop file /home/bjowac/impara/trunk/regression/fmcad2013/stack_safe.c line 97 function t1 : unwindings 4
identifiert1::$tmp::return_value_nondet$1
identifiert1::1::tmp
identifiert1::$tmp::return_value_nondet$1
Array index arr[0l]
  Array done
identifiert1::1::tmp
Loop file /home/bjowac/impara/trunk/regression/fmcad2013/stack_safe.c line 98 function t1 : unwindings 4
identifiertop
Loop file /home/bjowac/impara/trunk/regression/fmcad2013/stack_safe.c line 127 function main : unwindings 4
identifierpush#return_value
identifiert1::$tmp::return_value_push$2
identifierpush#return_value
identifiert1::$tmp::return_value_push$2
identifierflag
Loop file /home/bjowac/impara/trunk/regression/fmcad2013/stack_safe.c line 67 function push : unwindings 4
identifierget_top#return_value
identifiertop
Loop file /home/bjowac/impara/trunk/regression/fmcad2013/stack_safe.c line 127 function main : unwindings 4
identifierpush::$tmp::return_value_get_top$1
identifierget_top#return_value
Array index arr#196[(signed long int)return_value_get_top$1@1#240]
identifierarr
  array is shared arr#196
identifierpush::x
Loop file /home/bjowac/impara/trunk/regression/fmcad2013/stack_safe.c line 69 function push : unwindings 4
identifiertop
identifiertop
Loop file /home/bjowac/impara/trunk/regression/fmcad2013/stack_safe.c line 127 function main : unwindings 4
identifierpush#return_value
identifiert1::$tmp::return_value_push$2
identifierpush#return_value
identifiert1::$tmp::return_value_push$2
identifierflag
Loop file /home/bjowac/impara/trunk/regression/fmcad2013/stack_safe.c line 127 function main : unwindings 4
Loop file /home/bjowac/impara/trunk/regression/fmcad2013/stack_safe.c line 101 function t1 : unwindings 4
identifierm
identifierm
Loop file /home/bjowac/impara/trunk/regression/fmcad2013/stack_safe.c line 127 function main : unwindings 4
identifiert1::1::i
identifiert1::1::i
Loop file /home/bjowac/impara/trunk/regression/fmcad2013/stack_safe.c line 127 function main : unwindings 4
Loop file /home/bjowac/impara/trunk/regression/fmcad2013/stack_safe.c line 94 function t1 : unwindings 4
identifiert1::1::i
identifierm
identifierm
identifierflag
identifiertop
identifiertop
identifierget_top#return_value
identifiertop
identifiertop
identifierm
identifierm
identifiertop
identifiertop
identifiert2::1::j
identifiertop
identifiert2::1::j
identifierm
identifierm
identifierm
identifierm
identifiert2::1::j
identifierm
identifierm
identifiert2::1::j
Loop file /home/bjowac/impara/trunk/regression/fmcad2013/stack_safe.c line 96 function t1 : unwindings 5
identifierm
identifierm
Loop file /home/bjowac/impara/trunk/regression/fmcad2013/stack_safe.c line 127 function main : unwindings 5
Loop file /home/bjowac/impara/trunk/regression/fmcad2013/stack_safe.c line 127 function main : unwindings 5
identifierm
identifierm
Loop file /home/bjowac/impara/trunk/regression/fmcad2013/stack_safe.c line 94 function t1 : unwindings 2
identifiert1::1::i
identifiert1#return_value
Loop file /home/bjowac/impara/trunk/regression/fmcad2013/stack_safe.c line 96 function t1 : unwindings 3
identifierm
identifierm
Loop file /home/bjowac/impara/trunk/regression/fmcad2013/stack_safe.c line 97 function t1 : unwindings 3
identifiert1::$tmp::return_value_nondet$1
identifiert1::1::tmp
identifiert1::$tmp::return_value_nondet$1
Array index arr[0l]
  Array done
identifiert1::1::tmp
Loop file /home/bjowac/impara/trunk/regression/fmcad2013/stack_safe.c line 98 function t1 : unwindings 3
identifiertop
identifierpush#return_value
identifiert1::$tmp::return_value_push$2
identifierpush#return_value
identifiert1::$tmp::return_value_push$2
identifierflag
Loop file /home/bjowac/impara/trunk/regression/fmcad2013/stack_safe.c line 67 function push : unwindings 3
identifierget_top#return_value
identifiertop
identifierpush::$tmp::return_value_get_top$1
identifierget_top#return_value
Array index arr#156[(signed long int)return_value_get_top$1@1#202]
identifierarr
  array is shared arr#156
  Shared array accessarr[1]
  Array done
identifierpush::x
Loop file /home/bjowac/impara/trunk/regression/fmcad2013/stack_safe.c line 69 function push : unwindings 3
identifiertop
identifiertop
identifierpush#return_value
identifiert1::$tmp::return_value_push$2
identifierpush#return_value
identifiert1::$tmp::return_value_push$2
identifierflag
Loop file /home/bjowac/impara/trunk/regression/fmcad2013/stack_safe.c line 101 function t1 : unwindings 3
identifierm
identifierm
identifiert1::1::i
identifiert1::1::i
Loop file /home/bjowac/impara/trunk/regression/fmcad2013/stack_safe.c line 94 function t1 : unwindings 3
identifiert1::1::i
Loop file /home/bjowac/impara/trunk/regression/fmcad2013/stack_safe.c line 96 function t1 : unwindings 4
identifierm
identifierm
Loop file /home/bjowac/impara/trunk/regression/fmcad2013/stack_safe.c line 97 function t1 : unwindings 4
identifiert1::$tmp::return_value_nondet$1
identifiert1::1::tmp
identifiert1::$tmp::return_value_nondet$1
Array index arr[0l]
  Array done
identifiert1::1::tmp
Loop file /home/bjowac/impara/trunk/regression/fmcad2013/stack_safe.c line 98 function t1 : unwindings 4
identifiertop
identifierpush#return_value
identifiert1::$tmp::return_value_push$2
identifierpush#return_value
identifiert1::$tmp::return_value_push$2
identifierflag
Loop file /home/bjowac/impara/trunk/regression/fmcad2013/stack_safe.c line 67 function push : unwindings 4
identifierget_top#return_value
identifiertop
identifierpush::$tmp::return_value_get_top$1
identifierget_top#return_value
Array index arr#203[(signed long int)return_value_get_top$1@1#247]
identifierarr
  array is shared arr#203
  Shared array accessarr[2]
  Array done
identifierpush::x
Loop file /home/bjowac/impara/trunk/regression/fmcad2013/stack_safe.c line 69 function push : unwindings 4
identifiertop
identifiertop
identifierpush#return_value
identifiert1::$tmp::return_value_push$2
identifierpush#return_value
identifiert1::$tmp::return_value_push$2
identifierflag
Loop file /home/bjowac/impara/trunk/regression/fmcad2013/stack_safe.c line 101 function t1 : unwindings 4
identifierm
identifierm
identifiert1::1::i
identifiert1::1::i
Loop file /home/bjowac/impara/trunk/regression/fmcad2013/stack_safe.c line 94 function t1 : unwindings 4
identifiert1::1::i
Loop file /home/bjowac/impara/trunk/regression/fmcad2013/stack_safe.c line 96 function t1 : unwindings 5
identifierm
identifierm
Loop file /home/bjowac/impara/trunk/regression/fmcad2013/stack_safe.c line 97 function t1 : unwindings 5
identifiert1::$tmp::return_value_nondet$1
identifiert1::1::tmp
identifiert1::$tmp::return_value_nondet$1
Array index arr[0l]
  Array done
identifiert1::1::tmp
Loop file /home/bjowac/impara/trunk/regression/fmcad2013/stack_safe.c line 98 function t1 : unwindings 5
identifiertop
identifierpush#return_value
identifiert1::$tmp::return_value_push$2
identifierpush#return_value
identifiert1::$tmp::return_value_push$2
identifierflag
Loop file /home/bjowac/impara/trunk/regression/fmcad2013/stack_safe.c line 67 function push : unwindings 5
identifierget_top#return_value
identifiertop
identifierpush::$tmp::return_value_get_top$1
identifierget_top#return_value
Array index arr#248[(signed long int)return_value_get_top$1@1#292]
identifierarr
  array is shared arr#248
  Shared array accessarr[3]
  Array done
identifierpush::x
Loop file /home/bjowac/impara/trunk/regression/fmcad2013/stack_safe.c line 69 function push : unwindings 5
identifiertop
identifiertop
identifierpush#return_value
identifiert1::$tmp::return_value_push$2
identifierpush#return_value
identifiert1::$tmp::return_value_push$2
identifierflag
Loop file /home/bjowac/impara/trunk/regression/fmcad2013/stack_safe.c line 101 function t1 : unwindings 5
identifierm
identifierm
identifiert1::1::i
identifiert1::1::i
Loop file /home/bjowac/impara/trunk/regression/fmcad2013/stack_safe.c line 94 function t1 : unwindings 5
identifiert1::1::i
Array index arr[0l]
  Array done
Loop file /home/bjowac/impara/trunk/regression/fmcad2013/stack_safe.c line 114 function t2 : unwindings 2
Loop file /home/bjowac/impara/trunk/regression/fmcad2013/stack_safe.c line 76 function pop : unwindings 2
identifierget_top#return_value
identifiertop
identifierpop::$tmp::return_value_get_top$2
identifierget_top#return_value
identifierpop::$tmp::return_value_get_top$2
identifierpop#return_value
identifiert2::$tmp::return_value_pop$1
identifierpop#return_value
identifiert2::$tmp::return_value_pop$1
Loop file /home/bjowac/impara/trunk/regression/fmcad2013/stack_safe.c line 83 function pop : unwindings 2
identifiertop
identifiertop
Loop file /home/bjowac/impara/trunk/regression/fmcad2013/stack_safe.c line 84 function pop : unwindings 2
identifierget_top#return_value
identifiertop
identifierpop::$tmp::return_value_get_top$1
identifierget_top#return_value
identifierpop#return_value
Array index arr#156[(signed long int)return_value_get_top$1@2#201]
identifierarr
  array is shared arr#156
  Shared array accessarr[0]
  Array done
identifiert2::$tmp::return_value_pop$1
identifierpop#return_value
identifiert2::$tmp::return_value_pop$1
Loop file /home/bjowac/impara/trunk/regression/fmcad2013/stack_safe.c line 117 function t2 : unwindings 2
identifierm
identifierm
identifiert2::1::j
identifiert2::1::j
Loop file /home/bjowac/impara/trunk/regression/fmcad2013/stack_safe.c line 109 function t2 : unwindings 2
identifiert2::1::j
identifiert2#return_value
Loop file /home/bjowac/impara/trunk/regression/fmcad2013/stack_safe.c line 111 function t2 : unwindings 3
identifierm
identifierm
identifiertop
Array index arr[0l]
  Array done
Loop file /home/bjowac/impara/trunk/regression/fmcad2013/stack_safe.c line 114 function t2 : unwindings 3
Loop file /home/bjowac/impara/trunk/regression/fmcad2013/stack_safe.c line 76 function pop : unwindings 3
identifierget_top#return_value
identifiertop
identifierpop::$tmp::return_value_get_top$2
identifierget_top#return_value
identifierpop::$tmp::return_value_get_top$2
identifierpop#return_value
Loop file /home/bjowac/impara/trunk/regression/fmcad2013/stack_safe.c line 83 function pop : unwindings 3
identifiertop
identifiertop
Loop file /home/bjowac/impara/trunk/regression/fmcad2013/stack_safe.c line 84 function pop : unwindings 3
identifierget_top#return_value
identifiertop
identifierpop::$tmp::return_value_get_top$1
identifierget_top#return_value
identifierpop#return_value
Array index arr#156[(signed long int)return_value_get_top$1@2#244]
identifierarr
  array is shared arr#156
  Shared array accessarr[-1]
  Array done
identifiert2::$tmp::return_value_pop$1
identifierpop#return_value
identifiert2::$tmp::return_value_pop$1
Loop file /home/bjowac/impara/trunk/regression/fmcad2013/stack_safe.c line 117 function t2 : unwindings 2
identifierm
identifierm
identifierm
identifierm
Loop file /home/bjowac/impara/trunk/regression/fmcad2013/stack_safe.c line 96 function t1 : unwindings 3
identifierm
identifierm
identifierm
identifierm
identifierm
identifierm
identifierm
identifierm
identifierm
identifierm
identifierm
identifierm
identifiertop
identifierm
identifierm
identifiertop
identifierm
identifierm
Array index arr[0l]
  Array done
Loop file /home/bjowac/impara/trunk/regression/fmcad2013/stack_safe.c line 114 function t2 : unwindings 3
identifierm
identifierm
identifierm
identifierm
Loop file /home/bjowac/impara/trunk/regression/fmcad2013/stack_safe.c line 76 function pop : unwindings 3
identifierm
identifierm
identifierget_top#return_value
identifiertop
identifierm
identifierm
identifierm
identifierm
identifierm
identifierm
identifierpop::$tmp::return_value_get_top$2
identifierget_top#return_value
identifierm
identifierm
identifierpop::$tmp::return_value_get_top$2
identifierm
identifierm
identifierpop#return_value
identifierm
identifierm
identifierm
identifierm
identifierm
identifierm
identifiert2::$tmp::return_value_pop$1
identifierpop#return_value
identifierm
identifierm
identifiert2::$tmp::return_value_pop$1
identifierm
identifierm
identifierm
identifierm
identifierm
identifierm
Loop file /home/bjowac/impara/trunk/regression/fmcad2013/stack_safe.c line 83 function pop : unwindings 3
identifierm
identifierm
identifiertop
identifiertop
identifierm
identifierm
identifierm
identifierm
identifierm
identifierm
Loop file /home/bjowac/impara/trunk/regression/fmcad2013/stack_safe.c line 84 function pop : unwindings 3
identifierm
identifierm
identifierget_top#return_value
identifiertop
identifierm
identifierm
identifierm
identifierm
identifierm
identifierm
identifierpop::$tmp::return_value_get_top$1
identifierget_top#return_value
identifierm
identifierm
identifierpop#return_value
Array index arr#156[(signed long int)return_value_get_top$1@2#205]
identifierarr
  array is shared arr#156
  Shared array accessarr[0]
  Array done
identifierm
identifierm
identifierm
identifierm
identifierm
identifierm
identifiert2::$tmp::return_value_pop$1
identifierpop#return_value
identifierm
identifierm
identifiert2::$tmp::return_value_pop$1
identifierm
identifierm
identifierm
identifierm
identifierm
identifierm
Loop file /home/bjowac/impara/trunk/regression/fmcad2013/stack_safe.c line 117 function t2 : unwindings 3
identifierm
identifierm
identifierm
identifierm
identifierm
identifierm
identifierm
identifierm
Loop file /home/bjowac/impara/trunk/regression/fmcad2013/stack_safe.c line 97 function t1 : unwindings 3
identifiert1::$tmp::return_value_nondet$1
identifierm
identifierm
identifiert1::1::tmp
identifiert1::$tmp::return_value_nondet$1
identifierm
identifierm
identifierm
identifierm
Array index arr[0l]
  Array done
identifiert1::1::tmp
identifierm
identifierm
Loop file /home/bjowac/impara/trunk/regression/fmcad2013/stack_safe.c line 98 function t1 : unwindings 3
identifiertop
identifierm
identifierm
identifierm
identifierm
identifierpush#return_value
identifierm
identifierm
identifierm
identifierm
identifierm
identifierm
identifiertop
identifierm
identifierm
Loop file /home/bjowac/impara/trunk/regression/fmcad2013/stack_safe.c line 67 function push : unwindings 3
identifierget_top#return_value
identifiertop
identifierm
identifierm
identifierm
identifierm
identifierm
identifierm
identifierpush::$tmp::return_value_get_top$1
identifierget_top#return_value
identifierm
identifierm
Array index arr#156[(signed long int)return_value_get_top$1@1#200]
identifierarr
  array is shared arr#156
  Shared array accessarr[1]
  Array done
identifierpush::x
identifierm
identifierm
Array index arr#156[(signed long int)return_value_get_top$1@1#200]
identifierarr
  array is shared arr#156
  Shared array accessarr[1]
  Array done
identifierpush::x
identifierget_top#return_value
identifiertop
identifierm
identifierm
Loop file /home/bjowac/impara/trunk/regression/fmcad2013/stack_safe.c line 69 function push : unwindings 3
identifiertop
identifiertop
identifierm
identifierm
identifierm
identifierm
identifierm
identifierm
identifierpush#return_value
identifierm
identifierm
identifierm
identifierm
identifierm
identifierm
identifiert1::$tmp::return_value_push$2
identifierpush#return_value
identifierm
identifierm
identifiert1::$tmp::return_value_push$2
identifierm
identifierm
identifierflag
identifierm
identifierm
identifierflag
identifierm
identifierm
identifiertop
identifiertop
identifierm
identifierm
Loop file /home/bjowac/impara/trunk/regression/fmcad2013/stack_safe.c line 101 function t1 : unwindings 3
identifierm
identifierm
identifierm
identifierm
identifierm
identifierm
identifierm
identifierm
identifierm
identifierm
identifiert1::1::i
identifiert1::1::i
identifierm
identifierm
identifierm
identifierm
identifiert1::1::i
identifiert1::1::i
identifierm
identifierm
Loop file /home/bjowac/impara/trunk/regression/fmcad2013/stack_safe.c line 94 function t1 : unwindings 3
identifiert1::1::i
identifierm
identifierm
identifierm
identifierm
identifierm
identifierm
identifiert1#return_value
identifierm
identifierm
identifierm
identifierm
identifierm
identifierm
identifierm
identifierm
identifierm
identifierm
identifiertop
Array index arr[0l]
  Array done
Loop file /home/bjowac/impara/trunk/regression/fmcad2013/stack_safe.c line 114 function t2 : unwindings 3
Loop file /home/bjowac/impara/trunk/regression/fmcad2013/stack_safe.c line 76 function pop : unwindings 3
identifierget_top#return_value
identifiertop
identifierpop::$tmp::return_value_get_top$2
identifierget_top#return_value
identifierpop::$tmp::return_value_get_top$2
identifierpop#return_value
identifiert2::$tmp::return_value_pop$1
identifierpop#return_value
identifiert2::$tmp::return_value_pop$1
Loop file /home/bjowac/impara/trunk/regression/fmcad2013/stack_safe.c line 83 function pop : unwindings 3
identifiertop
identifiertop
Loop file /home/bjowac/impara/trunk/regression/fmcad2013/stack_safe.c line 84 function pop : unwindings 3
identifierget_top#return_value
identifiertop
identifierpop::$tmp::return_value_get_top$1
identifierget_top#return_value
identifierpop#return_value
Array index arr#201[(signed long int)return_value_get_top$1@2#246]
identifierarr
  array is shared arr#201
  Shared array accessarr[1]
  Array done
identifiert2::$tmp::return_value_pop$1
identifierpop#return_value
identifiert2::$tmp::return_value_pop$1
Loop file /home/bjowac/impara/trunk/regression/fmcad2013/stack_safe.c line 117 function t2 : unwindings 3
identifierm
identifierm
identifiert2::1::j
identifiert2::1::j
Loop file /home/bjowac/impara/trunk/regression/fmcad2013/stack_safe.c line 109 function t2 : unwindings 3
identifiert2::1::j
Loop file /home/bjowac/impara/trunk/regression/fmcad2013/stack_safe.c line 111 function t2 : unwindings 4
identifierm
identifierm
identifiertop
Loop file /home/bjowac/impara/trunk/regression/fmcad2013/stack_safe.c line 117 function t2 : unwindings 3
identifierm
identifierm
identifierm
identifierm
Loop file /home/bjowac/impara/trunk/regression/fmcad2013/stack_safe.c line 96 function t1 : unwindings 4
identifierm
identifierm
identifierm
identifierm
identifierm
identifierm
identifierm
identifierm
identifierm
identifierm
identifierm
identifierm
identifiertop
identifierm
identifierm
identifiertop
identifierm
identifierm
identifierm
identifierm
Loop file /home/bjowac/impara/trunk/regression/fmcad2013/stack_safe.c line 97 function t1 : unwindings 4
identifiert1::$tmp::return_value_nondet$1
identifierm
identifierm
identifiert1::1::tmp
identifiert1::$tmp::return_value_nondet$1
identifierm
identifierm
identifierm
identifierm
Array index arr[0l]
  Array done
identifiert1::1::tmp
identifierm
identifierm
Loop file /home/bjowac/impara/trunk/regression/fmcad2013/stack_safe.c line 98 function t1 : unwindings 4
identifiertop
identifierm
identifierm
identifierm
identifierm
identifierpush#return_value
identifierm
identifierm
identifierm
identifierm
identifierm
identifierm
identifiertop
identifierm
identifierm
Loop file /home/bjowac/impara/trunk/regression/fmcad2013/stack_safe.c line 67 function push : unwindings 4
identifierget_top#return_value
identifiertop
identifierm
identifierm
identifierm
identifierm
identifierm
identifierm
identifierpush::$tmp::return_value_get_top$1
identifierget_top#return_value
identifierm
identifierm
Array index arr#201[(signed long int)return_value_get_top$1@1#245]
identifierarr
  array is shared arr#201
  Shared array accessarr[2]
  Array done
identifierpush::x
identifierm
identifierm
Array index arr#201[(signed long int)return_value_get_top$1@1#245]
identifierarr
  array is shared arr#201
  Shared array accessarr[2]
  Array done
identifierpush::x
identifierget_top#return_value
identifiertop
identifierm
identifierm
Loop file /home/bjowac/impara/trunk/regression/fmcad2013/stack_safe.c line 69 function push : unwindings 4
identifiertop
identifiertop
identifierm
identifierm
identifierm
identifierm
identifierm
identifierm
identifierpush#return_value
identifierm
identifierm
identifierm
identifierm
identifierm
identifierm
identifiert1::$tmp::return_value_push$2
identifierpush#return_value
identifierm
identifierm
identifiert1::$tmp::return_value_push$2
identifierm
identifierm
identifierflag
identifierm
identifierm
identifierflag
identifierm
identifierm
identifiertop
identifiertop
identifierm
identifierm
Loop file /home/bjowac/impara/trunk/regression/fmcad2013/stack_safe.c line 101 function t1 : unwindings 4
identifierm
identifierm
identifierm
identifierm
identifierm
identifierm
identifierm
identifierm
identifierm
identifierm
identifiert1::1::i
identifiert1::1::i
identifierm
identifierm
identifierm
identifierm
identifiert1::1::i
identifiert1::1::i
identifierm
identifierm
Loop file /home/bjowac/impara/trunk/regression/fmcad2013/stack_safe.c line 94 function t1 : unwindings 4
identifiert1::1::i
identifierm
identifierm
identifierm
identifierm
identifierm
identifierm
identifiert1#return_value
identifierm
identifierm
identifierm
identifierm
identifierm
identifierm
identifierm
identifierm
identifierm
identifierm
identifiertop
Array index arr[0l]
  Array done
Loop file /home/bjowac/impara/trunk/regression/fmcad2013/stack_safe.c line 114 function t2 : unwindings 4
Loop file /home/bjowac/impara/trunk/regression/fmcad2013/stack_safe.c line 76 function pop : unwindings 4
identifierget_top#return_value
identifiertop
identifierpop::$tmp::return_value_get_top$2
identifierget_top#return_value
identifierpop::$tmp::return_value_get_top$2
identifierpop#return_value
identifiert2::$tmp::return_value_pop$1
identifierpop#return_value
identifiert2::$tmp::return_value_pop$1
Loop file /home/bjowac/impara/trunk/regression/fmcad2013/stack_safe.c line 83 function pop : unwindings 4
identifiertop
identifiertop
Loop file /home/bjowac/impara/trunk/regression/fmcad2013/stack_safe.c line 84 function pop : unwindings 4
identifierget_top#return_value
identifiertop
identifierpop::$tmp::return_value_get_top$1
identifierget_top#return_value
identifierpop#return_value
Array index arr#246[(signed long int)return_value_get_top$1@2#291]
identifierarr
  array is shared arr#246
  Shared array accessarr[2]
  Array done
identifiert2::$tmp::return_value_pop$1
identifierpop#return_value
identifiert2::$tmp::return_value_pop$1
Loop file /home/bjowac/impara/trunk/regression/fmcad2013/stack_safe.c line 117 function t2 : unwindings 4
identifierm
identifierm
identifiert2::1::j
identifiert2::1::j
Loop file /home/bjowac/impara/trunk/regression/fmcad2013/stack_safe.c line 109 function t2 : unwindings 4
identifiert2::1::j
Loop file /home/bjowac/impara/trunk/regression/fmcad2013/stack_safe.c line 111 function t2 : unwindings 5
identifierm
identifierm
identifiertop
Loop file /home/bjowac/impara/trunk/regression/fmcad2013/stack_safe.c line 117 function t2 : unwindings 4
identifierm
identifierm
identifierm
identifierm
Loop file /home/bjowac/impara/trunk/regression/fmcad2013/stack_safe.c line 96 function t1 : unwindings 5
identifierm
identifierm
identifierm
identifierm
identifierm
identifierm
identifierm
identifierm
identifierm
identifierm
identifierm
identifierm
identifiertop
identifierm
identifierm
identifiertop
identifierm
identifierm
identifierm
identifierm
Loop file /home/bjowac/impara/trunk/regression/fmcad2013/stack_safe.c line 97 function t1 : unwindings 5
identifiert1::$tmp::return_value_nondet$1
identifierm
identifierm
identifiert1::1::tmp
identifiert1::$tmp::return_value_nondet$1
identifierm
identifierm
identifierm
identifierm
Array index arr[0l]
  Array done
identifiert1::1::tmp
identifierm
identifierm
Loop file /home/bjowac/impara/trunk/regression/fmcad2013/stack_safe.c line 98 function t1 : unwindings 5
identifiertop
identifierm
identifierm
identifierm
identifierm
identifierpush#return_value
identifierm
identifierm
identifierm
identifierm
identifierm
identifierm
identifiertop
identifierm
identifierm
Loop file /home/bjowac/impara/trunk/regression/fmcad2013/stack_safe.c line 67 function push : unwindings 5
identifierget_top#return_value
identifiertop
identifierm
identifierm
identifierm
identifierm
identifierm
identifierm
identifierpush::$tmp::return_value_get_top$1
identifierget_top#return_value
identifierm
identifierm
Array index arr#246[(signed long int)return_value_get_top$1@1#290]
identifierarr
  array is shared arr#246
  Shared array accessarr[3]
  Array done
identifierpush::x
identifierm
identifierm
Array index arr#246[(signed long int)return_value_get_top$1@1#290]
identifierarr
  array is shared arr#246
  Shared array accessarr[3]
  Array done
identifierpush::x
identifierget_top#return_value
identifiertop
identifierm
identifierm
Loop file /home/bjowac/impara/trunk/regression/fmcad2013/stack_safe.c line 69 function push : unwindings 5
identifiertop
identifiertop
identifierm
identifierm
identifierm
identifierm
identifierm
identifierm
identifierpush#return_value
identifierm
identifierm
identifierm
identifierm
identifierm
identifierm
identifiert1::$tmp::return_value_push$2
identifierpush#return_value
identifierm
identifierm
identifiert1::$tmp::return_value_push$2
identifierm
identifierm
identifierflag
identifierm
identifierm
identifierflag
identifierm
identifierm
identifiertop
identifiertop
identifierm
identifierm
Loop file /home/bjowac/impara/trunk/regression/fmcad2013/stack_safe.c line 101 function t1 : unwindings 5
identifierm
identifierm
identifierm
identifierm
identifierm
identifierm
identifierm
identifierm
identifierm
identifierm
identifiert1::1::i
identifiert1::1::i
identifierm
identifierm
identifierm
identifierm
identifiert1::1::i
identifiert1::1::i
identifierm
identifierm
Loop file /home/bjowac/impara/trunk/regression/fmcad2013/stack_safe.c line 94 function t1 : unwindings 5
identifiert1::1::i
identifierm
identifierm
identifierm
identifierm
identifierm
identifierm
identifiert1#return_value
identifierm
identifierm
identifierm
identifierm
identifierm
identifierm
identifierm
identifierm
identifierm
identifierm
identifiertop
identifiertop
Array index arr[0l]
  Array done
Loop file /home/bjowac/impara/trunk/regression/fmcad2013/stack_safe.c line 114 function t2 : unwindings 5
Loop file /home/bjowac/impara/trunk/regression/fmcad2013/stack_safe.c line 76 function pop : unwindings 5
identifierget_top#return_value
identifiertop
identifierpop::$tmp::return_value_get_top$2
identifierget_top#return_value
identifierpop::$tmp::return_value_get_top$2
identifierpop#return_value
identifiert2::$tmp::return_value_pop$1
identifierpop#return_value
identifiert2::$tmp::return_value_pop$1
Loop file /home/bjowac/impara/trunk/regression/fmcad2013/stack_safe.c line 83 function pop : unwindings 5
identifiertop
identifiertop
Loop file /home/bjowac/impara/trunk/regression/fmcad2013/stack_safe.c line 84 function pop : unwindings 5
identifierget_top#return_value
identifiertop
identifierpop::$tmp::return_value_get_top$1
identifierget_top#return_value
identifierpop#return_value
Array index arr#291[(signed long int)return_value_get_top$1@2#336]
identifierarr
  array is shared arr#291
  Shared array accessarr[3]
  Array done
identifiert2::$tmp::return_value_pop$1
identifierpop#return_value
identifiert2::$tmp::return_value_pop$1
Loop file /home/bjowac/impara/trunk/regression/fmcad2013/stack_safe.c line 117 function t2 : unwindings 5
identifierm
identifierm
identifiert2::1::j
identifiert2::1::j
Loop file /home/bjowac/impara/trunk/regression/fmcad2013/stack_safe.c line 109 function t2 : unwindings 5
identifiert2::1::j
Loop file /home/bjowac/impara/trunk/regression/fmcad2013/stack_safe.c line 111 function t2 : unwindings 6
identifierm
identifierm
identifiertop
Loop file /home/bjowac/impara/trunk/regression/fmcad2013/stack_safe.c line 117 function t2 : unwindings 5
identifierm
identifierm
Array index arr[0l]
  Array done
Loop file /home/bjowac/impara/trunk/regression/fmcad2013/stack_safe.c line 114 function t2 : unwindings 6
Loop file /home/bjowac/impara/trunk/regression/fmcad2013/stack_safe.c line 76 function pop : unwindings 6
identifierget_top#return_value
identifiertop
identifierpop::$tmp::return_value_get_top$2
identifierget_top#return_value
identifierpop::$tmp::return_value_get_top$2
identifierpop#return_value
identifiert2::$tmp::return_value_pop$1
identifierpop#return_value
identifiert2::$tmp::return_value_pop$1
Loop file /home/bjowac/impara/trunk/regression/fmcad2013/stack_safe.c line 83 function pop : unwindings 6
identifiertop
identifiertop
Loop file /home/bjowac/impara/trunk/regression/fmcad2013/stack_safe.c line 84 function pop : unwindings 6
identifierget_top#return_value
identifiertop
identifierpop::$tmp::return_value_get_top$1
identifierget_top#return_value
identifierpop#return_value
Array index arr#291[(signed long int)return_value_get_top$1@2#344]
identifierarr
  array is shared arr#291
  Shared array accessarr[3]
  Array done
identifiert2::$tmp::return_value_pop$1
identifierpop#return_value
identifiert2::$tmp::return_value_pop$1
Loop file /home/bjowac/impara/trunk/regression/fmcad2013/stack_safe.c line 117 function t2 : unwindings 6
identifierm
identifierm
identifiert2::1::j
identifiert2::1::j
Loop file /home/bjowac/impara/trunk/regression/fmcad2013/stack_safe.c line 109 function t2 : unwindings 6
identifiert2::1::j
identifiert2#return_value
Loop file /home/bjowac/impara/trunk/regression/fmcad2013/stack_safe.c line 117 function t2 : unwindings 6
identifierm
identifierm
identifierm
identifierm
Loop file /home/bjowac/impara/trunk/regression/fmcad2013/stack_safe.c line 96 function t1 : unwindings 6
identifierm
identifierm
identifierm
identifierm
identifierm
identifierm
identifierm
identifierm
identifiertop
Loop file /home/bjowac/impara/trunk/regression/fmcad2013/stack_safe.c line 111 function t2 : unwindings 3
identifiertop
identifierm
identifierm
identifiertop
identifiertop
identifiert2::1::j
identifiertop
identifiertop
identifiertop
identifierm
identifierm
identifiertop
identifiert1::$tmp::return_value_nondet$1
identifiertop
identifiertop
identifiertop
identifiertop
identifierget_top#return_value
identifiertop
Loop file /home/bjowac/impara/trunk/regression/fmcad2013/stack_safe.c line 111 function t2 : unwindings 3
identifierget_top#return_value
identifiertop
identifierm
identifierm
identifierget_top#return_value
identifiertop
identifierget_top#return_value
identifiertop
identifiert2::1::j
identifierget_top#return_value
identifiertop
identifierget_top#return_value
identifiertop
identifierget_top#return_value
identifiertop
identifierm
identifierm
identifierget_top#return_value
identifiertop
identifierget_top#return_value
identifiertop
identifierget_top#return_value
identifiertop
identifierget_top#return_value
identifiertop
identifierget_top#return_value
identifiertop
Array index arr#61[(signed long int)return_value_get_top$1@1#169]
identifierarr
  array is shared arr#61
  Shared array accessarr[0]
  Array done
identifierpush::x
Loop file /home/bjowac/impara/trunk/regression/fmcad2013/stack_safe.c line 111 function t2 : unwindings 3
Array index arr#61[(signed long int)return_value_get_top$1@1#169]
identifierarr
  array is shared arr#61
  Shared array accessarr[0]
  Array done
identifierpush::x
identifierm
identifierm
Array index arr#61[(signed long int)return_value_get_top$1@1#169]
identifierarr
  array is shared arr#61
  Shared array accessarr[0]
  Array done
identifierpush::x
identifiertop
identifiertop
Loop file /home/bjowac/impara/trunk/regression/fmcad2013/stack_safe.c line 111 function t2 : unwindings 3
identifiertop
identifiertop
identifierm
identifierm
identifiertop
identifiertop
identifiertop
identifiertop
identifiert2::1::j
identifiertop
identifiertop
identifiertop
identifiertop
identifiertop
identifiertop
identifierm
identifierm
identifiertop
identifiertop
identifiertop
identifiertop
identifiertop
identifiertop
identifiertop
identifiertop
identifiertop
identifiertop
identifierflag
Loop file /home/bjowac/impara/trunk/regression/fmcad2013/stack_safe.c line 111 function t2 : unwindings 3
identifierflag
identifierm
identifierm
identifierflag
identifierflag
identifiert2::1::j
identifierflag
identifierflag
identifierflag
identifierm
identifierm
identifierflag
identifierflag
identifierflag
identifierflag
identifierflag
identifierm
identifierm
Loop file /home/bjowac/impara/trunk/regression/fmcad2013/stack_safe.c line 111 function t2 : unwindings 3
identifierm
identifierm
identifierm
identifierm
identifierm
identifierm
identifiert1::1::i
identifiert1::1::i
identifierm
identifierm
identifierm
identifierm
identifierm
identifierm
identifiert1::1::i
identifiert1::1::i
identifierm
identifierm
identifierm
identifierm
identifiert2::1::j
identifierm
identifierm
identifierm
identifierm
identifiert2#return_value
identifierm
identifierm
identifierm
identifierm
identifierm
identifierm
identifierm
identifierm
identifierm
identifierm
identifierm
identifierm
identifierm
identifierm
identifierm
identifierm
identifierm
identifierm
identifierm
identifierm
identifierm
identifierm
identifierm
identifierm
identifierm
identifierm
Loop file /home/bjowac/impara/trunk/regression/fmcad2013/stack_safe.c line 94 function t1 : unwindings 3
identifiert1::1::i
identifierm
identifierm
identifierm
identifierm
identifierm
identifierm
identifiert1::1::i
identifiert1::1::i
identifiert1::$tmp::return_value_nondet$1
identifierm
identifierm
Loop file /home/bjowac/impara/trunk/regression/fmcad2013/stack_safe.c line 96 function t1 : unwindings 4
identifierm
identifierm
identifierm
identifierm
identifierm
identifierm
identifierm
identifierm
identifierm
identifierm
Loop file /home/bjowac/impara/trunk/regression/fmcad2013/stack_safe.c line 97 function t1 : unwindings 4
identifiert1::$tmp::return_value_nondet$1
identifierm
identifierm
identifiert1::1::tmp
identifiert1::$tmp::return_value_nondet$1
identifierm
identifierm
identifierm
identifierm
Array index arr[0l]
  Array done
identifiert1::1::tmp
identifierm
identifierm
Loop file /home/bjowac/impara/trunk/regression/fmcad2013/stack_safe.c line 98 function t1 : unwindings 4
identifiertop
identifierm
identifierm
identifierm
identifierm
identifierpush#return_value
identifierm
identifierm
identifierm
identifierm
identifierm
identifierm
identifiert1::$tmp::return_value_push$2
identifierpush#return_value
identifierm
identifierm
identifiert1::$tmp::return_value_push$2
identifierm
identifierm
identifierflag
identifierm
identifierm
identifierm
identifierm
identifiert1::$tmp::return_value_nondet$1
identifierm
identifierm
Loop file /home/bjowac/impara/trunk/regression/fmcad2013/stack_safe.c line 67 function push : unwindings 4
identifierget_top#return_value
identifiertop
identifierm
identifierm
identifierm
identifierm
identifierm
identifierm
identifierpush::$tmp::return_value_get_top$1
identifierget_top#return_value
identifierm
identifierm
Array index arr#170[(signed long int)return_value_get_top$1@1#218]
identifierarr
  array is shared arr#170
  Shared array accessarr[1]
  Array done
identifierpush::x
identifierm
identifierm
identifierm
identifierm
Loop file /home/bjowac/impara/trunk/regression/fmcad2013/stack_safe.c line 69 function push : unwindings 4
identifiertop
identifiertop
identifierm
identifierm
identifierm
identifierm
identifierm
identifierm
identifierpush#return_value
identifierm
identifierm
identifierm
identifierm
identifierm
identifierm
identifiert1::$tmp::return_value_push$2
identifierpush#return_value
identifierm
identifierm
identifiert1::$tmp::return_value_push$2
identifierm
identifierm
identifierflag
identifierm
identifierm
identifierm
identifierm
identifierm
identifierm
Loop file /home/bjowac/impara/trunk/regression/fmcad2013/stack_safe.c line 101 function t1 : unwindings 4
identifierm
identifierm
identifierm
identifierm
identifierm
identifierm
identifierm
identifierm
identifierm
identifierm
identifiert1::1::i
identifiert1::1::i
identifierm
identifierm
identifierm
identifierm
Loop file /home/bjowac/impara/trunk/regression/fmcad2013/stack_safe.c line 94 function t1 : unwindings 4
identifiert1::1::i
identifierm
identifierm
identifierm
identifierm
identifiert1::$tmp::return_value_nondet$1
identifierm
identifierm
Loop file /home/bjowac/impara/trunk/regression/fmcad2013/stack_safe.c line 96 function t1 : unwindings 5
identifierm
identifierm
identifierm
identifierm
identifierm
identifierm
identifierm
identifierm
identifierm
identifierm
Loop file /home/bjowac/impara/trunk/regression/fmcad2013/stack_safe.c line 97 function t1 : unwindings 5
identifiert1::$tmp::return_value_nondet$1
identifierm
identifierm
identifiert1::1::tmp
identifiert1::$tmp::return_value_nondet$1
identifierm
identifierm
identifierm
identifierm
Array index arr[0l]
  Array done
identifiert1::1::tmp
identifierm
identifierm
Loop file /home/bjowac/impara/trunk/regression/fmcad2013/stack_safe.c line 98 function t1 : unwindings 5
identifiertop
identifierm
identifierm
identifierm
identifierm
identifierpush#return_value
identifierm
identifierm
identifierm
identifierm
identifierm
identifierm
identifiert1::$tmp::return_value_push$2
identifierpush#return_value
identifierm
identifierm
identifiert1::$tmp::return_value_push$2
identifierm
identifierm
identifierflag
identifierm
identifierm
identifierm
identifierm
identifiert1::$tmp::return_value_nondet$1
identifierm
identifierm
Loop file /home/bjowac/impara/trunk/regression/fmcad2013/stack_safe.c line 67 function push : unwindings 5
identifierget_top#return_value
identifiertop
identifierm
identifierm
identifierm
identifierm
identifierm
identifierm
identifierpush::$tmp::return_value_get_top$1
identifierget_top#return_value
identifierm
identifierm
Array index arr#219[(signed long int)return_value_get_top$1@1#263]
identifierarr
  array is shared arr#219
  Shared array accessarr[2]
  Array done
identifierpush::x
identifierm
identifierm
identifierm
identifierm
Loop file /home/bjowac/impara/trunk/regression/fmcad2013/stack_safe.c line 69 function push : unwindings 5
identifiertop
identifiertop
identifierm
identifierm
identifierm
identifierm
identifierm
identifierm
identifierpush#return_value
identifierm
identifierm
identifierm
identifierm
identifierm
identifierm
identifiert1::$tmp::return_value_push$2
identifierpush#return_value
identifierm
identifierm
identifiert1::$tmp::return_value_push$2
identifierm
identifierm
identifierflag
identifierm
identifierm
identifierm
identifierm
identifierm
identifierm
Loop file /home/bjowac/impara/trunk/regression/fmcad2013/stack_safe.c line 101 function t1 : unwindings 5
identifierm
identifierm
identifierm
identifierm
identifierm
identifierm
identifierm
identifierm
identifierm
identifierm
identifiert1::1::i
identifiert1::1::i
identifierm
identifierm
identifierm
identifierm
Loop file /home/bjowac/impara/trunk/regression/fmcad2013/stack_safe.c line 94 function t1 : unwindings 5
identifiert1::1::i
identifierm
identifierm
identifierm
identifierm
identifiert1::$tmp::return_value_nondet$1
identifiertop
identifiert1::$tmp::return_value_nondet$1
identifierm
identifierm
identifiert1::1::i
identifiert1::1::i
identifierflag
identifiertop
identifiertop
Array index arr#219[(signed long int)return_value_get_top$1@1#263]
identifierarr
  array is shared arr#219
  Shared array accessarr[2]
  Array done
identifierpush::x
identifierget_top#return_value
identifiertop
identifiertop
identifierm
identifierm
identifierm
identifierm
identifiertop
identifierm
identifierm
identifiert1::$tmp::return_value_nondet$1
identifiertop
identifiertop
Array index arr[0l]
  Array done
Loop file /home/bjowac/impara/trunk/regression/fmcad2013/stack_safe.c line 114 function t2 : unwindings 4
Loop file /home/bjowac/impara/trunk/regression/fmcad2013/stack_safe.c line 76 function pop : unwindings 4
identifierget_top#return_value
identifiertop
identifierpop::$tmp::return_value_get_top$2
identifierget_top#return_value
identifierpop::$tmp::return_value_get_top$2
Loop file /home/bjowac/impara/trunk/regression/fmcad2013/stack_safe.c line 83 function pop : unwindings 4
identifiertop
identifiertop
Loop file /home/bjowac/impara/trunk/regression/fmcad2013/stack_safe.c line 84 function pop : unwindings 4
identifierget_top#return_value
identifiertop
identifierpop::$tmp::return_value_get_top$1
identifierget_top#return_value
identifierpop#return_value
Array index arr#219[(signed long int)return_value_get_top$1@2#264]
identifierarr
  array is shared arr#219
  Shared array accessarr[1]
  Array done
identifiert2::$tmp::return_value_pop$1
identifierpop#return_value
identifiert2::$tmp::return_value_pop$1
Loop file /home/bjowac/impara/trunk/regression/fmcad2013/stack_safe.c line 117 function t2 : unwindings 4
identifierm
identifierm
identifiert2::1::j
identifiert2::1::j
Loop file /home/bjowac/impara/trunk/regression/fmcad2013/stack_safe.c line 109 function t2 : unwindings 4
identifiert2::1::j
identifierpop#return_value
identifiert2::$tmp::return_value_pop$1
identifierpop#return_value
identifiert2::$tmp::return_value_pop$1
identifierm
identifierm
identifiert1::1::i
identifiert1::1::i
identifierflag
identifiertop
identifiertop
Array index arr#170[(signed long int)return_value_get_top$1@1#218]
identifierarr
  array is shared arr#170
  Shared array accessarr[1]
  Array done
identifierpush::x
identifierget_top#return_value
identifiertop
identifiertop
identifierm
identifierm
identifierm
identifierm
identifiertop
identifierm
identifierm
identifierm
identifierm
identifiertop
identifiertop
Loop file /home/bjowac/impara/trunk/regression/fmcad2013/stack_safe.c line 111 function t2 : unwindings 3
identifierm
identifierm
identifiertop
identifiert2::1::j
Loop file /home/bjowac/impara/trunk/regression/fmcad2013/stack_safe.c line 111 function t2 : unwindings 4
identifierm
identifierm
identifiert1::$tmp::return_value_nondet$1
Loop file /home/bjowac/impara/trunk/regression/fmcad2013/stack_safe.c line 96 function t1 : unwindings 3
identifierm
identifierm
Loop file /home/bjowac/impara/trunk/regression/fmcad2013/stack_safe.c line 109 function t2 : unwindings 3
identifierm
identifierm
identifiert2::1::j
identifiert1::$tmp::return_value_nondet$1
Loop file /home/bjowac/impara/trunk/regression/fmcad2013/stack_safe.c line 97 function t1 : unwindings 3
identifiert1::$tmp::return_value_nondet$1
identifiert1::1::tmp
identifiert1::$tmp::return_value_nondet$1
Array index arr[0l]
  Array done
identifiert1::1::tmp
Loop file /home/bjowac/impara/trunk/regression/fmcad2013/stack_safe.c line 98 function t1 : unwindings 3
identifiertop
Loop file /home/bjowac/impara/trunk/regression/fmcad2013/stack_safe.c line 109 function t2 : unwindings 3
identifierpush#return_value
identifiertop
identifiert2::1::j
Loop file /home/bjowac/impara/trunk/regression/fmcad2013/stack_safe.c line 67 function push : unwindings 3
identifierget_top#return_value
identifiertop
Loop file /home/bjowac/impara/trunk/regression/fmcad2013/stack_safe.c line 109 function t2 : unwindings 3
identifierpush::$tmp::return_value_get_top$1
identifierget_top#return_value
Array index arr#170[(signed long int)return_value_get_top$1@1#214]
identifierarr
  array is shared arr#170
  Shared array accessarr[1]
  Array done
identifierpush::x
Loop file /home/bjowac/impara/trunk/regression/fmcad2013/stack_safe.c line 109 function t2 : unwindings 3
Array index arr#170[(signed long int)return_value_get_top$1@1#214]
identifierarr
  array is shared arr#170
  Shared array accessarr[1]
  Array done
identifierpush::x
identifiert2::1::j
identifierget_top#return_value
identifiertop
identifiert2::1::j
Loop file /home/bjowac/impara/trunk/regression/fmcad2013/stack_safe.c line 69 function push : unwindings 3
identifiertop
identifiertop
Loop file /home/bjowac/impara/trunk/regression/fmcad2013/stack_safe.c line 109 function t2 : unwindings 3
identifierpush#return_value
identifiert1::$tmp::return_value_push$2
identifierpush#return_value
identifiert1::$tmp::return_value_push$2
identifierflag
Loop file /home/bjowac/impara/trunk/regression/fmcad2013/stack_safe.c line 109 function t2 : unwindings 3
identifierflag
identifiert2::1::j
identifiertop
identifiertop
identifiert2::1::j
Loop file /home/bjowac/impara/trunk/regression/fmcad2013/stack_safe.c line 101 function t1 : unwindings 3
identifierm
identifierm
Loop file /home/bjowac/impara/trunk/regression/fmcad2013/stack_safe.c line 109 function t2 : unwindings 3
identifiert1::1::i
identifiert1::1::i
identifierm
identifierm
identifiert2::1::j
identifierm
identifierm
identifierm
identifierm
identifiert2#return_value
identifierm
identifierm
identifierm
identifierm
identifierm
identifierm
identifierm
identifierm
identifierm
identifierm
Loop file /home/bjowac/impara/trunk/regression/fmcad2013/stack_safe.c line 111 function t2 : unwindings 4
identifierm
identifierm
identifierm
identifierm
Loop file /home/bjowac/impara/trunk/regression/fmcad2013/stack_safe.c line 109 function t2 : unwindings 3
Loop file /home/bjowac/impara/trunk/regression/fmcad2013/stack_safe.c line 94 function t1 : unwindings 3
identifiert1::1::i
identifiert1#return_value
Loop file /home/bjowac/impara/trunk/regression/fmcad2013/stack_safe.c line 109 function t2 : unwindings 4
identifiert2::1::j
identifiert2::1::j
Loop file /home/bjowac/impara/trunk/regression/fmcad2013/stack_safe.c line 96 function t1 : unwindings 4
identifierm
identifierm
Loop file /home/bjowac/impara/trunk/regression/fmcad2013/stack_safe.c line 109 function t2 : unwindings 4
identifierm
identifierm
identifiert2::1::j
Loop file /home/bjowac/impara/trunk/regression/fmcad2013/stack_safe.c line 97 function t1 : unwindings 4
identifiert1::$tmp::return_value_nondet$1
identifiert1::1::tmp
identifiert1::$tmp::return_value_nondet$1
Array index arr[0l]
  Array done
identifiert1::1::tmp
Loop file /home/bjowac/impara/trunk/regression/fmcad2013/stack_safe.c line 98 function t1 : unwindings 4
identifiertop
Loop file /home/bjowac/impara/trunk/regression/fmcad2013/stack_safe.c line 109 function t2 : unwindings 4
identifierpush#return_value
identifiertop
identifiert2::1::j
Loop file /home/bjowac/impara/trunk/regression/fmcad2013/stack_safe.c line 67 function push : unwindings 4
identifierget_top#return_value
identifiertop
Loop file /home/bjowac/impara/trunk/regression/fmcad2013/stack_safe.c line 109 function t2 : unwindings 4
identifierpush::$tmp::return_value_get_top$1
identifierget_top#return_value
Array index arr#215[(signed long int)return_value_get_top$1@1#259]
identifierarr
  array is shared arr#215
  Shared array accessarr[2]
  Array done
identifierpush::x
Loop file /home/bjowac/impara/trunk/regression/fmcad2013/stack_safe.c line 109 function t2 : unwindings 4
Array index arr#215[(signed long int)return_value_get_top$1@1#259]
identifierarr
  array is shared arr#215
  Shared array accessarr[2]
  Array done
identifierpush::x
identifiert2::1::j
identifierget_top#return_value
identifiertop
identifiert2::1::j
Loop file /home/bjowac/impara/trunk/regression/fmcad2013/stack_safe.c line 69 function push : unwindings 4
identifiertop
identifiertop
Loop file /home/bjowac/impara/trunk/regression/fmcad2013/stack_safe.c line 109 function t2 : unwindings 4
identifierpush#return_value
identifiert1::$tmp::return_value_push$2
identifierpush#return_value
identifiert1::$tmp::return_value_push$2
identifierflag
Loop file /home/bjowac/impara/trunk/regression/fmcad2013/stack_safe.c line 109 function t2 : unwindings 4
identifierflag
identifiert2::1::j
identifiertop
identifiertop
identifiert2::1::j
Loop file /home/bjowac/impara/trunk/regression/fmcad2013/stack_safe.c line 101 function t1 : unwindings 4
identifierm
identifierm
Loop file /home/bjowac/impara/trunk/regression/fmcad2013/stack_safe.c line 109 function t2 : unwindings 4
identifiert1::1::i
identifiert1::1::i
identifierm
identifierm
identifiert2::1::j
identifierm
identifierm
identifierm
identifierm
identifiert2#return_value
identifierm
identifierm
identifierm
identifierm
identifierm
identifierm
identifierm
identifierm
identifierm
identifierm
Loop file /home/bjowac/impara/trunk/regression/fmcad2013/stack_safe.c line 111 function t2 : unwindings 5
identifierm
identifierm
identifierm
identifierm
Loop file /home/bjowac/impara/trunk/regression/fmcad2013/stack_safe.c line 109 function t2 : unwindings 4
Loop file /home/bjowac/impara/trunk/regression/fmcad2013/stack_safe.c line 94 function t1 : unwindings 4
identifiert1::1::i
identifiert2::1::j
Loop file /home/bjowac/impara/trunk/regression/fmcad2013/stack_safe.c line 96 function t1 : unwindings 5
identifierm
identifierm
Loop file /home/bjowac/impara/trunk/regression/fmcad2013/stack_safe.c line 109 function t2 : unwindings 5
identifierm
identifierm
identifiert2::1::j
Loop file /home/bjowac/impara/trunk/regression/fmcad2013/stack_safe.c line 97 function t1 : unwindings 5
identifiert1::$tmp::return_value_nondet$1
identifiert1::1::tmp
identifiert1::$tmp::return_value_nondet$1
Array index arr[0l]
  Array done
identifiert1::1::tmp
Loop file /home/bjowac/impara/trunk/regression/fmcad2013/stack_safe.c line 98 function t1 : unwindings 5
identifiertop
Loop file /home/bjowac/impara/trunk/regression/fmcad2013/stack_safe.c line 109 function t2 : unwindings 5
identifierpush#return_value
identifiertop
identifiert2::1::j
Loop file /home/bjowac/impara/trunk/regression/fmcad2013/stack_safe.c line 67 function push : unwindings 5
identifierget_top#return_value
identifiertop
Loop file /home/bjowac/impara/trunk/regression/fmcad2013/stack_safe.c line 109 function t2 : unwindings 5
identifierpush::$tmp::return_value_get_top$1
identifierget_top#return_value
Array index arr#260[(signed long int)return_value_get_top$1@1#304]
identifierarr
  array is shared arr#260
  Shared array accessarr[3]
  Array done
identifierpush::x
Loop file /home/bjowac/impara/trunk/regression/fmcad2013/stack_safe.c line 109 function t2 : unwindings 5
Array index arr#260[(signed long int)return_value_get_top$1@1#304]
identifierarr
  array is shared arr#260
  Shared array accessarr[3]
  Array done
identifierpush::x
identifiert2::1::j
identifierget_top#return_value
identifiertop
identifiert2::1::j
Loop file /home/bjowac/impara/trunk/regression/fmcad2013/stack_safe.c line 69 function push : unwindings 5
identifiertop
identifiertop
Loop file /home/bjowac/impara/trunk/regression/fmcad2013/stack_safe.c line 109 function t2 : unwindings 5
identifierpush#return_value
identifiert1::$tmp::return_value_push$2
identifierpush#return_value
identifiert1::$tmp::return_value_push$2
identifierflag
Loop file /home/bjowac/impara/trunk/regression/fmcad2013/stack_safe.c line 109 function t2 : unwindings 5
identifierflag
identifiert2::1::j
identifiertop
identifiertop
identifiert2::1::j
Loop file /home/bjowac/impara/trunk/regression/fmcad2013/stack_safe.c line 101 function t1 : unwindings 5
identifierm
identifierm
Loop file /home/bjowac/impara/trunk/regression/fmcad2013/stack_safe.c line 109 function t2 : unwindings 5
identifiert1::1::i
identifiert1::1::i
identifierm
identifierm
identifiert2::1::j
identifierm
identifierm
identifierm
identifierm
identifiert2#return_value
identifierm
identifierm
identifierm
identifierm
identifierm
identifierm
identifierm
identifierm
identifierm
identifierm
Loop file /home/bjowac/impara/trunk/regression/fmcad2013/stack_safe.c line 111 function t2 : unwindings 6
identifierm
identifierm
identifierm
identifierm
identifierm
identifierm
identifiert1::1::i
identifiert1::1::i
identifierm
identifierm
identifierm
identifierm
identifierm
identifierm
identifiert1::1::i
identifiert1::1::i
identifierm
identifierm
Loop file /home/bjowac/impara/trunk/regression/fmcad2013/stack_safe.c line 109 function t2 : unwindings 5
Loop file /home/bjowac/impara/trunk/regression/fmcad2013/stack_safe.c line 94 function t1 : unwindings 5
identifiert1::1::i
identifiert2::1::j
Loop file /home/bjowac/impara/trunk/regression/fmcad2013/stack_safe.c line 96 function t1 : unwindings 6
identifierm
identifierm
Loop file /home/bjowac/impara/trunk/regression/fmcad2013/stack_safe.c line 109 function t2 : unwindings 6
Loop file /home/bjowac/impara/trunk/regression/fmcad2013/stack_safe.c line 109 function t2 : unwindings 6
identifiert2::1::j
identifierm
identifierm
identifiert2::1::j
identifiert1::$tmp::return_value_nondet$1
identifierm
identifierm
Loop file /home/bjowac/impara/trunk/regression/fmcad2013/stack_safe.c line 97 function t1 : unwindings 3
identifiert1::$tmp::return_value_nondet$1
identifierm
identifierm
identifiert1::1::tmp
identifiert1::$tmp::return_value_nondet$1
identifierm
identifierm
identifierm
identifierm
Array index arr[0l]
  Array done
identifiert1::1::tmp
identifierm
identifierm
Loop file /home/bjowac/impara/trunk/regression/fmcad2013/stack_safe.c line 98 function t1 : unwindings 3
identifiertop
identifierm
identifierm
identifierm
identifierm
identifierpush#return_value
identifierm
identifierm
identifierm
identifierm
identifierm
identifierm
identifiert1::$tmp::return_value_push$2
identifierpush#return_value
identifierm
identifierm
identifiert1::$tmp::return_value_push$2
identifierm
identifierm
identifierflag
identifierm
identifierm
identifierflag
identifierm
identifierm
identifiertop
identifierm
identifierm
Loop file /home/bjowac/impara/trunk/regression/fmcad2013/stack_safe.c line 67 function push : unwindings 3
identifierget_top#return_value
identifiertop
identifierm
identifierm
identifierm
identifierm
identifierm
identifierm
identifierpush::$tmp::return_value_get_top$1
identifierget_top#return_value
identifierm
identifierm
Array index arr#61[(signed long int)return_value_get_top$1@1#173]
identifierarr
  array is shared arr#61
  Shared array accessarr[0]
  Array done
identifierpush::x
identifierm
identifierm
Array index arr#61[(signed long int)return_value_get_top$1@1#173]
identifierarr
  array is shared arr#61
  Shared array accessarr[0]
  Array done
identifierpush::x
identifierget_top#return_value
identifiertop
identifierm
identifierm
Loop file /home/bjowac/impara/trunk/regression/fmcad2013/stack_safe.c line 69 function push : unwindings 3
identifiertop
identifiertop
identifierm
identifierm
identifierm
identifierm
identifierm
identifierm
identifierpush#return_value
identifierm
identifierm
identifierm
identifierm
identifierm
identifierm
identifiert1::$tmp::return_value_push$2
identifierpush#return_value
identifierm
identifierm
identifiert1::$tmp::return_value_push$2
identifierm
identifierm
identifierflag
identifierm
identifierm
identifierflag
identifierm
identifierm
identifiertop
identifiertop
identifierm
identifierm
Loop file /home/bjowac/impara/trunk/regression/fmcad2013/stack_safe.c line 101 function t1 : unwindings 3
identifierm
identifierm
identifierm
identifierm
identifierm
identifierm
identifierm
identifierm
identifierm
identifierm
identifiert1::1::i
identifiert1::1::i
identifierm
identifierm
identifierm
identifierm
identifiert1::1::i
identifiert1::1::i
identifierm
identifierm
Array index arr[0l]
  Array done
Loop file /home/bjowac/impara/trunk/regression/fmcad2013/stack_safe.c line 114 function t2 : unwindings 3
Loop file /home/bjowac/impara/trunk/regression/fmcad2013/stack_safe.c line 76 function pop : unwindings 3
identifierget_top#return_value
identifiertop
Array index arr[0l]
  Array done
Loop file /home/bjowac/impara/trunk/regression/fmcad2013/stack_safe.c line 114 function t2 : unwindings 2
Loop file /home/bjowac/impara/trunk/regression/fmcad2013/stack_safe.c line 76 function pop : unwindings 2
identifierget_top#return_value
identifiertop
Loop file /home/bjowac/impara/trunk/regression/fmcad2013/stack_safe.c line 117 function t2 : unwindings 3
identifierm
identifierm
Loop file /home/bjowac/impara/trunk/regression/fmcad2013/stack_safe.c line 97 function t1 : unwindings 3
identifiert1::$tmp::return_value_nondet$1
identifiert1::1::tmp
identifiert1::$tmp::return_value_nondet$1
Array index arr[0l]
  Array done
identifiert1::1::tmp
Loop file /home/bjowac/impara/trunk/regression/fmcad2013/stack_safe.c line 98 function t1 : unwindings 3
identifiertop
Loop file /home/bjowac/impara/trunk/regression/fmcad2013/stack_safe.c line 109 function t2 : unwindings 3
identifierpush#return_value
identifiertop
identifiert2::1::j
identifierm
identifierm
identifierm
identifierm
identifierm
identifierm
identifierm
identifierm
identifierm
identifierm
Loop file /home/bjowac/impara/trunk/regression/fmcad2013/stack_safe.c line 67 function push : unwindings 3
identifierget_top#return_value
identifiertop
Loop file /home/bjowac/impara/trunk/regression/fmcad2013/stack_safe.c line 109 function t2 : unwindings 3
identifierpush::$tmp::return_value_get_top$1
identifierget_top#return_value
Array index arr#61[(signed long int)return_value_get_top$1@1#187]
identifierarr
  array is shared arr#61
  Shared array accessarr[0]
  Array done
identifierpush::x
Loop file /home/bjowac/impara/trunk/regression/fmcad2013/stack_safe.c line 109 function t2 : unwindings 3
Array index arr#61[(signed long int)return_value_get_top$1@1#187]
identifierarr
  array is shared arr#61
  Shared array accessarr[0]
  Array done
identifierpush::x
identifiert2::1::j
identifierget_top#return_value
identifiertop
identifiert2::1::j
Loop file /home/bjowac/impara/trunk/regression/fmcad2013/stack_safe.c line 69 function push : unwindings 3
identifiertop
identifiertop
Loop file /home/bjowac/impara/trunk/regression/fmcad2013/stack_safe.c line 109 function t2 : unwindings 3
identifierpush#return_value
identifiert1::$tmp::return_value_push$2
identifierpush#return_value
identifiert1::$tmp::return_value_push$2
identifierflag
Loop file /home/bjowac/impara/trunk/regression/fmcad2013/stack_safe.c line 109 function t2 : unwindings 3
identifierflag
identifiert2::1::j
identifiertop
identifiertop
identifiert2::1::j
Loop file /home/bjowac/impara/trunk/regression/fmcad2013/stack_safe.c line 101 function t1 : unwindings 3
identifierm
identifierm
Loop file /home/bjowac/impara/trunk/regression/fmcad2013/stack_safe.c line 109 function t2 : unwindings 3
identifiert1::1::i
identifiert1::1::i
identifierm
identifierm
identifiert2::1::j
Loop file /home/bjowac/impara/trunk/regression/fmcad2013/stack_safe.c line 109 function t2 : unwindings 3
Loop file /home/bjowac/impara/trunk/regression/fmcad2013/stack_safe.c line 94 function t1 : unwindings 3
identifiert1::1::i
identifiert2::1::j
Loop file /home/bjowac/impara/trunk/regression/fmcad2013/stack_safe.c line 96 function t1 : unwindings 4
identifierm
identifierm
Loop file /home/bjowac/impara/trunk/regression/fmcad2013/stack_safe.c line 109 function t2 : unwindings 4
identifierm
identifierm
identifiert2::1::j
Loop file /home/bjowac/impara/trunk/regression/fmcad2013/stack_safe.c line 97 function t1 : unwindings 4
identifiert1::$tmp::return_value_nondet$1
identifiert1::1::tmp
identifiert1::$tmp::return_value_nondet$1
Array index arr[0l]
  Array done
identifiert1::1::tmp
Loop file /home/bjowac/impara/trunk/regression/fmcad2013/stack_safe.c line 98 function t1 : unwindings 4
identifiertop
Loop file /home/bjowac/impara/trunk/regression/fmcad2013/stack_safe.c line 109 function t2 : unwindings 4
identifierpush#return_value
identifiertop
identifiert2::1::j
identifierm
identifierm
identifierm
identifierm
identifierm
identifierm
identifierm
identifierm
identifierm
identifierm
Loop file /home/bjowac/impara/trunk/regression/fmcad2013/stack_safe.c line 67 function push : unwindings 4
identifierget_top#return_value
identifiertop
Loop file /home/bjowac/impara/trunk/regression/fmcad2013/stack_safe.c line 109 function t2 : unwindings 4
identifierpush::$tmp::return_value_get_top$1
identifierget_top#return_value
Array index arr#188[(signed long int)return_value_get_top$1@1#232]
identifierarr
  array is shared arr#188
  Shared array accessarr[1]
  Array done
identifierpush::x
Loop file /home/bjowac/impara/trunk/regression/fmcad2013/stack_safe.c line 109 function t2 : unwindings 4
Array index arr#188[(signed long int)return_value_get_top$1@1#232]
identifierarr
  array is shared arr#188
  Shared array accessarr[1]
  Array done
identifierpush::x
identifiert2::1::j
identifierget_top#return_value
identifiertop
identifiert2::1::j
Loop file /home/bjowac/impara/trunk/regression/fmcad2013/stack_safe.c line 69 function push : unwindings 4
identifiertop
identifiertop
Loop file /home/bjowac/impara/trunk/regression/fmcad2013/stack_safe.c line 109 function t2 : unwindings 4
identifierpush#return_value
identifiert1::$tmp::return_value_push$2
identifierpush#return_value
identifiert1::$tmp::return_value_push$2
identifierflag
Loop file /home/bjowac/impara/trunk/regression/fmcad2013/stack_safe.c line 109 function t2 : unwindings 4
identifierflag
identifiert2::1::j
identifiertop
identifiertop
identifiert2::1::j
Loop file /home/bjowac/impara/trunk/regression/fmcad2013/stack_safe.c line 101 function t1 : unwindings 4
identifierm
identifierm
Loop file /home/bjowac/impara/trunk/regression/fmcad2013/stack_safe.c line 109 function t2 : unwindings 4
identifiert1::1::i
identifiert1::1::i
identifierm
identifierm
identifiert2::1::j
Loop file /home/bjowac/impara/trunk/regression/fmcad2013/stack_safe.c line 109 function t2 : unwindings 4
Loop file /home/bjowac/impara/trunk/regression/fmcad2013/stack_safe.c line 94 function t1 : unwindings 4
identifiert1::1::i
identifiert2::1::j
Loop file /home/bjowac/impara/trunk/regression/fmcad2013/stack_safe.c line 96 function t1 : unwindings 5
identifierm
identifierm
Loop file /home/bjowac/impara/trunk/regression/fmcad2013/stack_safe.c line 109 function t2 : unwindings 5
identifierm
identifierm
identifiert2::1::j
Loop file /home/bjowac/impara/trunk/regression/fmcad2013/stack_safe.c line 97 function t1 : unwindings 5
identifiert1::$tmp::return_value_nondet$1
identifiert1::1::tmp
identifiert1::$tmp::return_value_nondet$1
Array index arr[0l]
  Array done
identifiert1::1::tmp
Loop file /home/bjowac/impara/trunk/regression/fmcad2013/stack_safe.c line 98 function t1 : unwindings 5
identifiertop
Loop file /home/bjowac/impara/trunk/regression/fmcad2013/stack_safe.c line 109 function t2 : unwindings 5
identifierpush#return_value
identifiert1::$tmp::return_value_push$2
identifierpush#return_value
identifiert1::$tmp::return_value_push$2
identifierflag
identifiertop
identifiert2::1::j
identifierm
identifierm
identifierm
identifierm
identifierm
identifierm
identifierm
identifierm
identifierm
identifierm
Loop file /home/bjowac/impara/trunk/regression/fmcad2013/stack_safe.c line 67 function push : unwindings 5
identifierget_top#return_value
identifiertop
Loop file /home/bjowac/impara/trunk/regression/fmcad2013/stack_safe.c line 109 function t2 : unwindings 5
identifierpush::$tmp::return_value_get_top$1
identifierget_top#return_value
Array index arr#233[(signed long int)return_value_get_top$1@1#277]
identifierarr
  array is shared arr#233
  Shared array accessarr[2]
  Array done
identifierpush::x
Loop file /home/bjowac/impara/trunk/regression/fmcad2013/stack_safe.c line 109 function t2 : unwindings 5
Array index arr#233[(signed long int)return_value_get_top$1@1#277]
identifierarr
  array is shared arr#233
  Shared array accessarr[2]
  Array done
identifierpush::x
identifiert2::1::j
identifierget_top#return_value
identifiertop
identifiert2::1::j
Loop file /home/bjowac/impara/trunk/regression/fmcad2013/stack_safe.c line 69 function push : unwindings 5
identifiertop
identifiertop
Loop file /home/bjowac/impara/trunk/regression/fmcad2013/stack_safe.c line 109 function t2 : unwindings 5
identifierpush#return_value
identifiert1::$tmp::return_value_push$2
identifierpush#return_value
identifiert1::$tmp::return_value_push$2
identifierflag
Loop file /home/bjowac/impara/trunk/regression/fmcad2013/stack_safe.c line 109 function t2 : unwindings 5
identifierflag
identifiert2::1::j
identifiertop
identifiertop
identifiert2::1::j
Loop file /home/bjowac/impara/trunk/regression/fmcad2013/stack_safe.c line 101 function t1 : unwindings 5
identifierm
identifierm
Loop file /home/bjowac/impara/trunk/regression/fmcad2013/stack_safe.c line 109 function t2 : unwindings 5
identifiert1::1::i
identifiert1::1::i
identifierm
identifierm
identifiert2::1::j
Loop file /home/bjowac/impara/trunk/regression/fmcad2013/stack_safe.c line 109 function t2 : unwindings 5
Loop file /home/bjowac/impara/trunk/regression/fmcad2013/stack_safe.c line 94 function t1 : unwindings 5
identifiert1::1::i
identifiert2::1::j
Loop file /home/bjowac/impara/trunk/regression/fmcad2013/stack_safe.c line 96 function t1 : unwindings 6
identifierm
identifierm
Loop file /home/bjowac/impara/trunk/regression/fmcad2013/stack_safe.c line 109 function t2 : unwindings 6
identifierm
identifierm
identifiert2::1::j
Loop file /home/bjowac/impara/trunk/regression/fmcad2013/stack_safe.c line 97 function t1 : unwindings 6
identifiert1::$tmp::return_value_nondet$1
identifiert1::1::tmp
identifiert1::$tmp::return_value_nondet$1
Array index arr[0l]
  Array done
identifiert1::1::tmp
Loop file /home/bjowac/impara/trunk/regression/fmcad2013/stack_safe.c line 98 function t1 : unwindings 6
identifiertop
Loop file /home/bjowac/impara/trunk/regression/fmcad2013/stack_safe.c line 109 function t2 : unwindings 6
identifierpush#return_value
identifiert1::$tmp::return_value_push$2
identifierpush#return_value
identifiert1::$tmp::return_value_push$2
identifierflag
identifiertop
identifiert2::1::j
identifierm
identifierm
identifierm
identifierm
identifierm
identifierm
identifierm
identifierm
identifierm
identifierm
identifierm
identifierm
Array index arr[0l]
  Array done
Loop file /home/bjowac/impara/trunk/regression/fmcad2013/stack_safe.c line 114 function t2 : unwindings 5
identifierm
identifierm
identifierm
identifierm
Loop file /home/bjowac/impara/trunk/regression/fmcad2013/stack_safe.c line 76 function pop : unwindings 5
identifierm
identifierm
identifierget_top#return_value
identifiertop
identifierm
identifierm
identifierm
identifierm
identifierm
identifierm
identifierpop::$tmp::return_value_get_top$2
identifierget_top#return_value
identifierm
identifierm
identifierpop::$tmp::return_value_get_top$2
identifierm
identifierm
identifierpop#return_value
identifierm
identifierm
identifierm
identifierm
identifierm
identifierm
identifiert2::$tmp::return_value_pop$1
identifierpop#return_value
identifierm
identifierm
identifiert2::$tmp::return_value_pop$1
identifierm
identifierm
identifierm
identifierm
identifierm
identifierm
Loop file /home/bjowac/impara/trunk/regression/fmcad2013/stack_safe.c line 83 function pop : unwindings 5
identifierm
identifierm
identifiertop
identifiertop
identifierm
identifierm
identifierm
identifierm
identifierm
identifierm
Loop file /home/bjowac/impara/trunk/regression/fmcad2013/stack_safe.c line 84 function pop : unwindings 5
identifierm
identifierm
identifierget_top#return_value
identifiertop
identifierm
identifierm
identifierm
identifierm
identifierm
identifierm
identifierpop::$tmp::return_value_get_top$1
identifierget_top#return_value
identifierm
identifierm
identifierpop#return_value
Array index arr#246[(signed long int)return_value_get_top$1@2#295]
identifierarr
  array is shared arr#246
  Shared array accessarr[2]
  Array done
identifierm
identifierm
identifierm
identifierm
identifierm
identifierm
identifiert2::$tmp::return_value_pop$1
identifierpop#return_value
identifierm
identifierm
identifiert2::$tmp::return_value_pop$1
identifierm
identifierm
identifierm
identifierm
identifierm
identifierm
Loop file /home/bjowac/impara/trunk/regression/fmcad2013/stack_safe.c line 117 function t2 : unwindings 5
identifierm
identifierm
identifierm
identifierm
identifierm
identifierm
identifierm
identifierm
identifiert2::1::j
identifiert2::1::j
identifierm
identifierm
Loop file /home/bjowac/impara/trunk/regression/fmcad2013/stack_safe.c line 109 function t2 : unwindings 5
identifierm
identifierm
identifiert2::1::j
Loop file /home/bjowac/impara/trunk/regression/fmcad2013/stack_safe.c line 97 function t1 : unwindings 5
identifiert1::$tmp::return_value_nondet$1
Loop file /home/bjowac/impara/trunk/regression/fmcad2013/stack_safe.c line 67 function push : unwindings 6
identifierget_top#return_value
identifiertop
Loop file /home/bjowac/impara/trunk/regression/fmcad2013/stack_safe.c line 109 function t2 : unwindings 6
identifierpush::$tmp::return_value_get_top$1
identifierget_top#return_value
Array index arr#278[(signed long int)return_value_get_top$1@1#322]
identifierarr
  array is shared arr#278
  Shared array accessarr[3]
  Array done
identifierpush::x
Loop file /home/bjowac/impara/trunk/regression/fmcad2013/stack_safe.c line 109 function t2 : unwindings 6
Array index arr#278[(signed long int)return_value_get_top$1@1#322]
identifierarr
  array is shared arr#278
  Shared array accessarr[3]
  Array done
identifierpush::x
identifiert2::1::j
identifierget_top#return_value
identifiertop
identifiert2::1::j
Loop file /home/bjowac/impara/trunk/regression/fmcad2013/stack_safe.c line 69 function push : unwindings 6
identifiertop
identifiertop
Loop file /home/bjowac/impara/trunk/regression/fmcad2013/stack_safe.c line 109 function t2 : unwindings 6
identifierpush#return_value
identifiert1::$tmp::return_value_push$2
identifierpush#return_value
identifiert1::$tmp::return_value_push$2
identifierflag
Loop file /home/bjowac/impara/trunk/regression/fmcad2013/stack_safe.c line 109 function t2 : unwindings 6
identifierflag
identifiert2::1::j
identifiertop
identifiertop
identifiert2::1::j
Loop file /home/bjowac/impara/trunk/regression/fmcad2013/stack_safe.c line 101 function t1 : unwindings 6
identifierm
identifierm
Loop file /home/bjowac/impara/trunk/regression/fmcad2013/stack_safe.c line 109 function t2 : unwindings 6
identifiert1::1::i
identifiert1::1::i
identifierm
identifierm
identifiert2::1::j
Loop file /home/bjowac/impara/trunk/regression/fmcad2013/stack_safe.c line 109 function t2 : unwindings 6
Loop file /home/bjowac/impara/trunk/regression/fmcad2013/stack_safe.c line 94 function t1 : unwindings 6
identifiert1::1::i
identifiert2::1::j
Loop file /home/bjowac/impara/trunk/regression/fmcad2013/stack_safe.c line 96 function t1 : unwindings 7
identifierm
identifierm
Loop file /home/bjowac/impara/trunk/regression/fmcad2013/stack_safe.c line 109 function t2 : unwindings 7
identifiert1::$tmp::return_value_nondet$1
identifierm
identifierm
identifierm
identifierm
identifierm
identifierm
identifierm
identifierm
identifierm
identifierm
identifierm
identifierm
identifierm
identifierm
identifierm
identifierm
identifiert1::$tmp::return_value_nondet$1
identifierm
identifierm
identifierm
identifierm
identifierm
identifierm
identifierm
identifierm
Loop file /home/bjowac/impara/trunk/regression/fmcad2013/stack_safe.c line 117 function t2 : unwindings 4
identifierm
identifierm
identifierm
identifierm
identifierm
identifierm
identifierm
identifierm
Loop file /home/bjowac/impara/trunk/regression/fmcad2013/stack_safe.c line 111 function t2 : unwindings 4
identifierm
identifierm
identifierm
identifierm
identifierm
identifierm
identifierm
identifierm
identifiertop
identifierm
identifierm
identifiertop
identifierm
identifierm
identifierm
identifierm
identifierm
identifierm
Loop file /home/bjowac/impara/trunk/regression/fmcad2013/stack_safe.c line 97 function t1 : unwindings 4
identifiert1::$tmp::return_value_nondet$1
identifierm
identifierm
identifierm
identifierm
identifiert2::1::j
identifierm
identifierm
identifiert2::1::j
identifierm
identifierm
identifiert2::1::j
identifierm
identifierm
identifiert2::1::j
identifierm
identifierm
identifiert2::1::j
identifierm
identifierm
identifiert2::1::j
identifierm
identifierm
identifiert2::1::j
identifierm
identifierm
identifiert2::1::j
identifierm
identifierm
identifiert2::1::j
identifierm
identifierm
identifiert2::1::j
identifierm
identifierm
identifiert2::1::j
identifierm
identifierm
identifiert2::1::j
Loop file /home/bjowac/impara/trunk/regression/fmcad2013/stack_safe.c line 109 function t2 : unwindings 7
identifiert2::1::j
identifierm
identifierm
identifiert2::1::j
identifierm
identifierm
identifiert2::1::j
identifierm
identifierm
identifiert2::1::j
identifierm
identifierm
identifiert2::1::j
identifierm
identifierm
identifiert2::1::j
identifierm
identifierm
identifiert2::1::j
identifierm
identifierm
identifierm
identifierm
identifierm
identifierm
identifierm
identifierm
identifierm
identifierm
identifierm
identifierm
identifiert2::1::j
identifierm
identifierm
identifiert2::1::j
identifierm
identifierm
identifierm
identifierm
Loop file /home/bjowac/impara/trunk/regression/fmcad2013/stack_safe.c line 111 function t2 : unwindings 5
identifierm
identifierm
identifierm
identifierm
Array index arr[0l]
  Array done
Loop file /home/bjowac/impara/trunk/regression/fmcad2013/stack_safe.c line 114 function t2 : unwindings 4
Loop file /home/bjowac/impara/trunk/regression/fmcad2013/stack_safe.c line 76 function pop : unwindings 4
identifierget_top#return_value
identifiertop
identifierm
identifierm
identifiert2::1::j
identifierm
identifierm
identifiert2::1::j
identifierm
identifierm
identifiert2::1::j
identifierm
identifierm
identifierm
identifierm
identifierm
identifierm
identifierm
identifierm
identifiert2::1::j
identifierm
identifierm
identifiert2::1::j
identifierm
identifierm
identifiert2::1::j
identifierm
identifierm
identifiert2::1::j
identifierm
identifierm
identifiert2::1::j
identifierm
identifierm
identifiert2::1::j
identifierm
identifierm
identifiert2::1::j
identifierm
identifierm
identifiert2::1::j
identifierm
identifierm
identifiert2::1::j
